Rack := {1}.
Frame := {2, 3}.
Module := {4}.
Element := {5}.
UNUSED := {6}.
module14 := {4}.
typeOfR := {1 -> RackDouble}.
typeOfM := {4 -> ModuleIII}.
typeOfE := {5 -> ElementC}.
rackOfF := {2 -> 1, 3 -> 1}.
frameOfM := {4 -> 3}.
elementOfM := {4 -> 5}.
maxRack := 2.
maxFrame := 4.
maxModule := 5.
maxElement := 6.
maxUNUSED := 7.
mulConfigObject := {1 -> 1, 2 -> 1, 3 -> 7, 4 -> 21, 5 -> 7, 6 -> 1}.
typeConfigObject := {1 -> Rack__, 2 -> Frame__, 3 -> Frame__, 4 -> Module__, 5 -> Element__, 6 -> UNUSED__}.

1.15 Expansion
-------------------
ConfigObject := {1, 2, 3, 4, 5, 6, 7, 8, 9, 10, 11, 12, 13, 14, 15, 16, 17, 18, 19, 20, 21, 22, 23, 24, 25, 26, 27, 28, 29, 30, 31, 32, 33, 34, 35, 36, 37, 38}.
Rack := {1}.
Frame := {2, 3, 4, 5, 6, 7, 8, 9}.
Module := {10, 11, 12, 13, 14, 15, 16, 17, 18, 19, 20, 21, 22, 23, 24, 25, 26, 27, 28, 29, 30}.
Element := {31, 32, 33, 34, 35, 36, 37}.
UNUSED := {38}.
module14 := {10, 11, 12, 13, 14, 15, 16, 17, 18, 19, 20, 21, 22, 23, 24, 25, 26, 27, 28, 29, 30}.
typeOfR := {1 -> RackDouble}.
typeOfM := {10 -> ModuleIII, 11 -> ModuleIII, 12 -> ModuleIII, 13 -> ModuleIII, 14 -> ModuleIII, 15 -> ModuleIII, 16 -> ModuleIII, 17 -> ModuleIII, 18 -> ModuleIII, 19 -> ModuleIII, 20 -> ModuleIII, 21 -> ModuleIII, 22 -> ModuleIII, 23 -> ModuleIII, 24 -> ModuleIII, 25 -> ModuleIII, 26 -> ModuleIII, 27 -> ModuleIII, 28 -> ModuleIII, 29 -> ModuleIII, 30 -> ModuleIII}.
typeOfE := {31 -> ElementC, 32 -> ElementC, 33 -> ElementC, 34 -> ElementC, 35 -> ElementC, 36 -> ElementC, 37 -> ElementC}.
rackOfF := {2 -> 1, 3 -> 1, 4 -> 1, 5 -> 1, 6 -> 1, 7 -> 1, 8 -> 1, 9 -> 1}.
frameOfM := {10 -> 3, 11 -> 4, 12 -> 5, 13 -> 6, 14 -> 7, 15 -> 8, 16 -> 9, 17 -> 3, 18 -> 4, 19 -> 5, 20 -> 6, 21 -> 7, 22 -> 8, 23 -> 9, 24 -> 3, 25 -> 4, 26 -> 5, 27 -> 6, 28 -> 7, 29 -> 8, 30 -> 9}.
elementOfM := {10 -> 31, 11 -> 32, 12 -> 33, 13 -> 34, 14 -> 35, 15 -> 36, 16 -> 37, 17 -> 31, 18 -> 32, 19 -> 33, 20 -> 34, 21 -> 35, 22 -> 36, 23 -> 37, 24 -> 31, 25 -> 32, 26 -> 33, 27 -> 34, 28 -> 35, 29 -> 36, 30 -> 37}.
typeConfigObject := {1 -> Rack__, 2 -> Frame__, 3 -> Frame__, 4 -> Frame__, 5 -> Frame__, 6 -> Frame__, 7 -> Frame__, 8 -> Frame__, 9 -> Frame__, 10 -> Module__, 11 -> Module__, 12 -> Module__, 13 -> Module__, 14 -> Module__, 15 -> Module__, 16 -> Module__, 17 -> Module__, 18 -> Module__, 19 -> Module__, 20 -> Module__, 21 -> Module__, 22 -> Module__, 23 -> Module__, 24 -> Module__, 25 -> Module__, 26 -> Module__, 27 -> Module__, 28 -> Module__, 29 -> Module__, 30 -> Module__, 31 -> Element__, 32 -> Element__, 33 -> Element__, 34 -> Element__, 35 -> Element__, 36 -> Element__, 37 -> Element__, 38 -> UNUSED__}.
-------------------
Elapsed time: 1.2737207412719727 seconds
