Rack := {1}.
Frame := {2, 3}.
Module := {4}.
Element := {5}.
module14 := {4}.
typeOfR := {1 -> RackSingle}.
typeOfM := {4 -> ModuleIII}.
typeOfE := {5 -> ElementC}.
rackOfF := {2 -> 1, 3 -> 1}.
frameOfM := {4 -> 3}.
elementOfM := {4 -> 5}.
maxRack := 2.
maxFrame := 4.
maxModule := 5.
maxElement := 6.
mulConfigObject := {1 -> 7, 2 -> 7, 3 -> 21, 4 -> 21, 5 -> 7}.
typeConfigObject := {1 -> Rack__, 2 -> Frame__, 3 -> Frame__, 4 -> Module__, 5 -> Element__}.

1.028 Expansion
-------------------
ConfigObject := {1, 2, 3, 4, 5, 6, 7, 8, 9, 10, 11, 12, 13, 14, 15, 16, 17, 18, 19, 20, 21, 22, 23, 24, 25, 26, 27, 28, 29, 30, 31, 32, 33, 34, 35, 36, 37, 38, 39, 40, 41, 42, 43, 44, 45, 46, 47, 48, 49, 50, 51, 52, 53, 54, 55, 56, 57, 58, 59, 60, 61, 62, 63}.
Rack := {1, 2, 3, 4, 5, 6, 7}.
Frame := {8, 9, 10, 11, 12, 13, 14, 15, 16, 17, 18, 19, 20, 21, 22, 23, 24, 25, 26, 27, 28, 29, 30, 31, 32, 33, 34, 35}.
Module := {36, 37, 38, 39, 40, 41, 42, 43, 44, 45, 46, 47, 48, 49, 50, 51, 52, 53, 54, 55, 56}.
Element := {57, 58, 59, 60, 61, 62, 63}.
module14 := {36, 37, 38, 39, 40, 41, 42, 43, 44, 45, 46, 47, 48, 49, 50, 51, 52, 53, 54, 55, 56}.
typeOfR := {1 -> RackSingle, 2 -> RackSingle, 3 -> RackSingle, 4 -> RackSingle, 5 -> RackSingle, 6 -> RackSingle, 7 -> RackSingle}.
typeOfM := {36 -> ModuleIII, 37 -> ModuleIII, 38 -> ModuleIII, 39 -> ModuleIII, 40 -> ModuleIII, 41 -> ModuleIII, 42 -> ModuleIII, 43 -> ModuleIII, 44 -> ModuleIII, 45 -> ModuleIII, 46 -> ModuleIII, 47 -> ModuleIII, 48 -> ModuleIII, 49 -> ModuleIII, 50 -> ModuleIII, 51 -> ModuleIII, 52 -> ModuleIII, 53 -> ModuleIII, 54 -> ModuleIII, 55 -> ModuleIII, 56 -> ModuleIII}.
typeOfE := {57 -> ElementC, 58 -> ElementC, 59 -> ElementC, 60 -> ElementC, 61 -> ElementC, 62 -> ElementC, 63 -> ElementC}.
rackOfF := {8 -> 1, 9 -> 2, 10 -> 3, 11 -> 4, 12 -> 5, 13 -> 6, 14 -> 7, 15 -> 1, 16 -> 2, 17 -> 3, 18 -> 4, 19 -> 5, 20 -> 6, 21 -> 7, 22 -> 1, 23 -> 2, 24 -> 3, 25 -> 4, 26 -> 5, 27 -> 6, 28 -> 7, 29 -> 1, 30 -> 2, 31 -> 3, 32 -> 4, 33 -> 5, 34 -> 6, 35 -> 7}.
frameOfM := {36 -> 15, 37 -> 16, 38 -> 17, 39 -> 18, 40 -> 19, 41 -> 20, 42 -> 21, 43 -> 22, 44 -> 23, 45 -> 24, 46 -> 25, 47 -> 26, 48 -> 27, 49 -> 28, 50 -> 29, 51 -> 30, 52 -> 31, 53 -> 32, 54 -> 33, 55 -> 34, 56 -> 35}.
elementOfM := {36 -> 57, 37 -> 58, 38 -> 59, 39 -> 60, 40 -> 61, 41 -> 62, 42 -> 63, 43 -> 57, 44 -> 58, 45 -> 59, 46 -> 60, 47 -> 61, 48 -> 62, 49 -> 63, 50 -> 57, 51 -> 58, 52 -> 59, 53 -> 60, 54 -> 61, 55 -> 62, 56 -> 63}.
typeConfigObject := {1 -> Rack__, 2 -> Rack__, 3 -> Rack__, 4 -> Rack__, 5 -> Rack__, 6 -> Rack__, 7 -> Rack__, 8 -> Frame__, 9 -> Frame__, 10 -> Frame__, 11 -> Frame__, 12 -> Frame__, 13 -> Frame__, 14 -> Frame__, 15 -> Frame__, 16 -> Frame__, 17 -> Frame__, 18 -> Frame__, 19 -> Frame__, 20 -> Frame__, 21 -> Frame__, 22 -> Frame__, 23 -> Frame__, 24 -> Frame__, 25 -> Frame__, 26 -> Frame__, 27 -> Frame__, 28 -> Frame__, 29 -> Frame__, 30 -> Frame__, 31 -> Frame__, 32 -> Frame__, 33 -> Frame__, 34 -> Frame__, 35 -> Frame__, 36 -> Module__, 37 -> Module__, 38 -> Module__, 39 -> Module__, 40 -> Module__, 41 -> Module__, 42 -> Module__, 43 -> Module__, 44 -> Module__, 45 -> Module__, 46 -> Module__, 47 -> Module__, 48 -> Module__, 49 -> Module__, 50 -> Module__, 51 -> Module__, 52 -> Module__, 53 -> Module__, 54 -> Module__, 55 -> Module__, 56 -> Module__, 57 -> Element__, 58 -> Element__, 59 -> Element__, 60 -> Element__, 61 -> Element__, 62 -> Element__, 63 -> Element__}.
-------------------
Elapsed time: 1.1457560062408447 seconds
