Rack := {R1}.
Frame := {F1, F2}.
Module := {M1, M3}.
Element := {E3, E4}.
module14 := {M1, M3}.
typeOfR := {R1 -> RackDouble}.
typeOfM := {M1 -> ModuleIII, M3 -> ModuleIII}.
typeOfE := {E3 -> ElementC, E4 -> ElementC}.
rackOfF := {F1 -> R1, F2 -> R1}.
frameOfM := {M1 -> F1, M3 -> F2}.
elementOfM := {M1 -> E4, M3 -> E3}.
mulRack_T := {R1 -> 1}.
mulFrame_T := {F1 -> 5, F2 -> 3}.
mulModule_T := {M1 -> 15, M2 -> 0, M3 -> 6}.
mulElement_T := {E1 -> 0, E2 -> 0, E3 -> 2, E4 -> 5}.

0.708 Expansion
-------------------
Rack_T := {1}.
Frame_T := {2, 3, 4, 5, 6, 7, 8, 9}.
Module_T := {10, 11, 12, 13, 14, 15, 16, 17, 18, 19, 20, 21, 22, 23, 24, 25, 26, 27, 28, 29, 30}.
Element_T := {31, 32, 33, 34, 35, 36, 37}.
Rack := {1}.
Frame := {2, 3, 4, 5, 6, 7, 8, 9}.
Module := {10, 11, 12, 13, 14, 15, 16, 17, 18, 19, 20, 21, 22, 23, 24, 25, 26, 27, 28, 29, 30}.
Element := {31, 32, 33, 34, 35, 36, 37}.
module14 := {10, 11, 12, 13, 14, 15, 16, 17, 18, 19, 20, 21, 22, 23, 24, 25, 26, 27, 28, 29, 30}.
typeOfR := {1 -> RackDouble}.
typeOfM := {10 -> ModuleIII, 11 -> ModuleIII, 12 -> ModuleIII, 13 -> ModuleIII, 14 -> ModuleIII, 15 -> ModuleIII, 16 -> ModuleIII, 17 -> ModuleIII, 18 -> ModuleIII, 19 -> ModuleIII, 20 -> ModuleIII, 21 -> ModuleIII, 22 -> ModuleIII, 23 -> ModuleIII, 24 -> ModuleIII, 25 -> ModuleIII, 26 -> ModuleIII, 27 -> ModuleIII, 28 -> ModuleIII, 29 -> ModuleIII, 30 -> ModuleIII}.
typeOfE := {31 -> ElementC, 32 -> ElementC, 33 -> ElementC, 34 -> ElementC, 35 -> ElementC, 36 -> ElementC, 37 -> ElementC}.
rackOfF := {2 -> 1, 3 -> 1, 4 -> 1, 5 -> 1, 6 -> 1, 7 -> 1, 8 -> 1, 9 -> 1}.
frameOfM := {10 -> 2, 11 -> 3, 12 -> 4, 13 -> 5, 14 -> 6, 15 -> 2, 16 -> 3, 17 -> 4, 18 -> 5, 19 -> 6, 20 -> 2, 21 -> 3, 22 -> 4, 23 -> 5, 24 -> 6, 25 -> 7, 26 -> 8, 27 -> 9, 28 -> 7, 29 -> 8, 30 -> 9}.
elementOfM := {10 -> 33, 11 -> 34, 12 -> 35, 13 -> 36, 14 -> 37, 15 -> 33, 16 -> 34, 17 -> 35, 18 -> 36, 19 -> 37, 20 -> 33, 21 -> 34, 22 -> 35, 23 -> 36, 24 -> 37, 25 -> 31, 26 -> 32, 27 -> 31, 28 -> 32, 29 -> 31, 30 -> 32}.
-------------------
Elapsed time: 0.817063570022583 seconds
