Section := {1}.
Element := {2}.
Module := {3}.
slot := {4}.
Rack := {5}.
UNUSED := {6}.
SofE := {2 -> 1}.
EofM := {3 -> 2}.
Mofs := {4 -> 3}.
Rofs := {4 -> 5}.
SofR := {5 -> 1}.
maxSection := 2.
maxElement := 3.
maxModule := 4.
maxslot := 5.
maxRack := 6.
maxUNUSED := 7.
mulConfigObject := {1 -> 5, 2 -> 5, 3 -> 25, 4 -> 50, 5 -> 10, 6 -> 1}.
typeConfigObject := {1 -> Section__, 2 -> Element__, 3 -> Module__, 4 -> slot__, 5 -> Rack__, 6 -> UNUSED__}.

0.823 Expansion
-------------------
ConfigObject := {1, 2, 3, 4, 5, 6, 7, 8, 9, 10, 11, 12, 13, 14, 15, 16, 17, 18, 19, 20, 21, 22, 23, 24, 25, 26, 27, 28, 29, 30, 31, 32, 33, 34, 35, 36, 37, 38, 39, 40, 41, 42, 43, 44, 45, 46, 47, 48, 49, 50, 51, 52, 53, 54, 55, 56, 57, 58, 59, 60, 61, 62, 63, 64, 65, 66, 67, 68, 69, 70, 71, 72, 73, 74, 75, 76, 77, 78, 79, 80, 81, 82, 83, 84, 85, 86, 87, 88, 89, 90, 91, 92, 93, 94, 95, 96}.
Section := {1, 2, 3, 4, 5}.
Element := {6, 7, 8, 9, 10}.
Module := {11, 12, 13, 14, 15, 16, 17, 18, 19, 20, 21, 22, 23, 24, 25, 26, 27, 28, 29, 30, 31, 32, 33, 34, 35}.
slot := {36, 37, 38, 39, 40, 41, 42, 43, 44, 45, 46, 47, 48, 49, 50, 51, 52, 53, 54, 55, 56, 57, 58, 59, 60, 61, 62, 63, 64, 65, 66, 67, 68, 69, 70, 71, 72, 73, 74, 75, 76, 77, 78, 79, 80, 81, 82, 83, 84, 85}.
Rack := {86, 87, 88, 89, 90, 91, 92, 93, 94, 95}.
UNUSED := {96}.
SofE := {6 -> 1, 7 -> 2, 8 -> 3, 9 -> 4, 10 -> 5}.
EofM := {11 -> 6, 12 -> 7, 13 -> 8, 14 -> 9, 15 -> 10, 16 -> 6, 17 -> 7, 18 -> 8, 19 -> 9, 20 -> 10, 21 -> 6, 22 -> 7, 23 -> 8, 24 -> 9, 25 -> 10, 26 -> 6, 27 -> 7, 28 -> 8, 29 -> 9, 30 -> 10, 31 -> 6, 32 -> 7, 33 -> 8, 34 -> 9, 35 -> 10}.
Mofs := {36 -> 11, 37 -> 12, 38 -> 13, 39 -> 14, 40 -> 15, 41 -> 16, 42 -> 17, 43 -> 18, 44 -> 19, 45 -> 20, 46 -> 21, 47 -> 22, 48 -> 23, 49 -> 24, 50 -> 25, 51 -> 26, 52 -> 27, 53 -> 28, 54 -> 29, 55 -> 30, 56 -> 31, 57 -> 32, 58 -> 33, 59 -> 34, 60 -> 35, 61 -> 11, 62 -> 12, 63 -> 13, 64 -> 14, 65 -> 15, 66 -> 16, 67 -> 17, 68 -> 18, 69 -> 19, 70 -> 20, 71 -> 21, 72 -> 22, 73 -> 23, 74 -> 24, 75 -> 25, 76 -> 26, 77 -> 27, 78 -> 28, 79 -> 29, 80 -> 30, 81 -> 31, 82 -> 32, 83 -> 33, 84 -> 34, 85 -> 35}.
Rofs := {36 -> 86, 37 -> 87, 38 -> 88, 39 -> 89, 40 -> 90, 41 -> 91, 42 -> 92, 43 -> 93, 44 -> 94, 45 -> 95, 46 -> 86, 47 -> 87, 48 -> 88, 49 -> 89, 50 -> 90, 51 -> 91, 52 -> 92, 53 -> 93, 54 -> 94, 55 -> 95, 56 -> 86, 57 -> 87, 58 -> 88, 59 -> 89, 60 -> 90, 61 -> 91, 62 -> 92, 63 -> 93, 64 -> 94, 65 -> 95, 66 -> 86, 67 -> 87, 68 -> 88, 69 -> 89, 70 -> 90, 71 -> 91, 72 -> 92, 73 -> 93, 74 -> 94, 75 -> 95, 76 -> 86, 77 -> 87, 78 -> 88, 79 -> 89, 80 -> 90, 81 -> 91, 82 -> 92, 83 -> 93, 84 -> 94, 85 -> 95}.
SofR := {86 -> 1, 87 -> 2, 88 -> 3, 89 -> 4, 90 -> 5, 91 -> 1, 92 -> 2, 93 -> 3, 94 -> 4, 95 -> 5}.
typeConfigObject := {1 -> Section__, 2 -> Section__, 3 -> Section__, 4 -> Section__, 5 -> Section__, 6 -> Element__, 7 -> Element__, 8 -> Element__, 9 -> Element__, 10 -> Element__, 11 -> Module__, 12 -> Module__, 13 -> Module__, 14 -> Module__, 15 -> Module__, 16 -> Module__, 17 -> Module__, 18 -> Module__, 19 -> Module__, 20 -> Module__, 21 -> Module__, 22 -> Module__, 23 -> Module__, 24 -> Module__, 25 -> Module__, 26 -> Module__, 27 -> Module__, 28 -> Module__, 29 -> Module__, 30 -> Module__, 31 -> Module__, 32 -> Module__, 33 -> Module__, 34 -> Module__, 35 -> Module__, 36 -> slot__, 37 -> slot__, 38 -> slot__, 39 -> slot__, 40 -> slot__, 41 -> slot__, 42 -> slot__, 43 -> slot__, 44 -> slot__, 45 -> slot__, 46 -> slot__, 47 -> slot__, 48 -> slot__, 49 -> slot__, 50 -> slot__, 51 -> slot__, 52 -> slot__, 53 -> slot__, 54 -> slot__, 55 -> slot__, 56 -> slot__, 57 -> slot__, 58 -> slot__, 59 -> slot__, 60 -> slot__, 61 -> slot__, 62 -> slot__, 63 -> slot__, 64 -> slot__, 65 -> slot__, 66 -> slot__, 67 -> slot__, 68 -> slot__, 69 -> slot__, 70 -> slot__, 71 -> slot__, 72 -> slot__, 73 -> slot__, 74 -> slot__, 75 -> slot__, 76 -> slot__, 77 -> slot__, 78 -> slot__, 79 -> slot__, 80 -> slot__, 81 -> slot__, 82 -> slot__, 83 -> slot__, 84 -> slot__, 85 -> slot__, 86 -> Rack__, 87 -> Rack__, 88 -> Rack__, 89 -> Rack__, 90 -> Rack__, 91 -> Rack__, 92 -> Rack__, 93 -> Rack__, 94 -> Rack__, 95 -> Rack__, 96 -> UNUSED__}.
-------------------
Elapsed time: 0.9162094593048096 seconds
