Section := {1}.
Element := {2}.
Module := {3}.
slot := {4}.
Rack := {5}.
SofE := {2 -> 1}.
EofM := {3 -> 2}.
Mofs := {4 -> 3}.
Rofs := {4 -> 5}.
SofR := {5 -> 1}.
maxSection := 2.
maxElement := 3.
maxModule := 4.
maxslot := 5.
maxRack := 6.
mulConfigObject := {1 -> 1, 2 -> 5, 3 -> 5, 4 -> 10, 5 -> 2}.
typeConfigObject := {1 -> Section__, 2 -> Element__, 3 -> Module__, 4 -> slot__, 5 -> Rack__}.

0.672 Expansion
-------------------
ConfigObject := {1, 2, 3, 4, 5, 6, 7, 8, 9, 10, 11, 12, 13, 14, 15, 16, 17, 18, 19, 20, 21, 22, 23}.
Section := {1}.
Element := {2, 3, 4, 5, 6}.
Module := {7, 8, 9, 10, 11}.
slot := {12, 13, 14, 15, 16, 17, 18, 19, 20, 21}.
Rack := {22, 23}.
SofE := {2 -> 1, 3 -> 1, 4 -> 1, 5 -> 1, 6 -> 1}.
EofM := {7 -> 2, 8 -> 3, 9 -> 4, 10 -> 5, 11 -> 6}.
Mofs := {12 -> 7, 13 -> 8, 14 -> 9, 15 -> 10, 16 -> 11, 17 -> 7, 18 -> 8, 19 -> 9, 20 -> 10, 21 -> 11}.
Rofs := {12 -> 22, 13 -> 23, 14 -> 22, 15 -> 23, 16 -> 22, 17 -> 23, 18 -> 22, 19 -> 23, 20 -> 22, 21 -> 23}.
SofR := {22 -> 1, 23 -> 1}.
typeConfigObject := {1 -> Section__, 2 -> Element__, 3 -> Element__, 4 -> Element__, 5 -> Element__, 6 -> Element__, 7 -> Module__, 8 -> Module__, 9 -> Module__, 10 -> Module__, 11 -> Module__, 12 -> slot__, 13 -> slot__, 14 -> slot__, 15 -> slot__, 16 -> slot__, 17 -> slot__, 18 -> slot__, 19 -> slot__, 20 -> slot__, 21 -> slot__, 22 -> Rack__, 23 -> Rack__}.
-------------------
Elapsed time: 0.7649636268615723 seconds
