Section := {S2}.
Element := {E1}.
Module := {M2}.
slot := {s1}.
Rack := {R1}.
SofE := {E1 -> S2}.
EofM := {M2 -> E1}.
Mofs := {s1 -> M2}.
Rofs := {s1 -> R1}.
SofR := {R1 -> S2}.
mulSection_T := {S1 -> 0, S2 -> 3}.
mulElement_T := {E1 -> 3, E2 -> 0, E3 -> 0}.
mulModule_T := {M1 -> 0, M2 -> 15}.
mulslot_T := {s1 -> 30}.
mulRack_T := {R1 -> 6}.

0.238 Expansion
-------------------
Section_T := {1, 2, 3}.
Element_T := {4, 5, 6}.
Module_T := {7, 8, 9, 10, 11, 12, 13, 14, 15, 16, 17, 18, 19, 20, 21}.
slot_T := {22, 23, 24, 25, 26, 27, 28, 29, 30, 31, 32, 33, 34, 35, 36, 37, 38, 39, 40, 41, 42, 43, 44, 45, 46, 47, 48, 49, 50, 51}.
Rack_T := {52, 53, 54, 55, 56, 57}.
Section := {1, 2, 3}.
Element := {4, 5, 6}.
Module := {7, 8, 9, 10, 11, 12, 13, 14, 15, 16, 17, 18, 19, 20, 21}.
slot := {22, 23, 24, 25, 26, 27, 28, 29, 30, 31, 32, 33, 34, 35, 36, 37, 38, 39, 40, 41, 42, 43, 44, 45, 46, 47, 48, 49, 50, 51}.
Rack := {52, 53, 54, 55, 56, 57}.
SofE := {4 -> 1, 5 -> 2, 6 -> 3}.
EofM := {7 -> 4, 8 -> 5, 9 -> 6, 10 -> 4, 11 -> 5, 12 -> 6, 13 -> 4, 14 -> 5, 15 -> 6, 16 -> 4, 17 -> 5, 18 -> 6, 19 -> 4, 20 -> 5, 21 -> 6}.
Mofs := {22 -> 7, 23 -> 8, 24 -> 9, 25 -> 10, 26 -> 11, 27 -> 12, 28 -> 13, 29 -> 14, 30 -> 15, 31 -> 16, 32 -> 17, 33 -> 18, 34 -> 19, 35 -> 20, 36 -> 21, 37 -> 7, 38 -> 8, 39 -> 9, 40 -> 10, 41 -> 11, 42 -> 12, 43 -> 13, 44 -> 14, 45 -> 15, 46 -> 16, 47 -> 17, 48 -> 18, 49 -> 19, 50 -> 20, 51 -> 21}.
Rofs := {22 -> 52, 23 -> 53, 24 -> 54, 25 -> 55, 26 -> 56, 27 -> 57, 28 -> 52, 29 -> 53, 30 -> 54, 31 -> 55, 32 -> 56, 33 -> 57, 34 -> 52, 35 -> 53, 36 -> 54, 37 -> 55, 38 -> 56, 39 -> 57, 40 -> 52, 41 -> 53, 42 -> 54, 43 -> 55, 44 -> 56, 45 -> 57, 46 -> 52, 47 -> 53, 48 -> 54, 49 -> 55, 50 -> 56, 51 -> 57}.
SofR := {52 -> 1, 53 -> 2, 54 -> 3, 55 -> 1, 56 -> 2, 57 -> 3}.
-------------------
Elapsed time: 0.3165256977081299 seconds
