Monkey := {1, 2}.
Banana := {3, 4}.
Tree := {5, 6}.
ownerOfB := {3 -> 2, 4 -> 1}.
treeOfM := {1 -> 6, 2 -> 5}.
partnerOfM := {1 -> 2, 2 -> 1}.
maxMonkey := 3.
maxBanana := 5.
maxTree := 7.
mulConfigObject := {1 -> 6, 2 -> 6, 3 -> 12, 4 -> 24, 5 -> 2, 6 -> 2}.
typeConfigObject := {1 -> Monkey__, 2 -> Monkey__, 3 -> Banana__, 4 -> Banana__, 5 -> Tree__, 6 -> Tree__}.

0.639 Expansion
-------------------
ConfigObject := {1, 2, 3, 4, 5, 6, 7, 8, 9, 10, 11, 12, 13, 14, 15, 16, 17, 18, 19, 20, 21, 22, 23, 24, 25, 26, 27, 28, 29, 30, 31, 32, 33, 34, 35, 36, 37, 38, 39, 40, 41, 42, 43, 44, 45, 46, 47, 48, 49, 50, 51, 52}.
Monkey := {1, 2, 3, 4, 5, 6, 7, 8, 9, 10, 11, 12}.
Banana := {13, 14, 15, 16, 17, 18, 19, 20, 21, 22, 23, 24, 25, 26, 27, 28, 29, 30, 31, 32, 33, 34, 35, 36, 37, 38, 39, 40, 41, 42, 43, 44, 45, 46, 47, 48}.
Tree := {49, 50, 51, 52}.
ownerOfB := {13 -> 7, 14 -> 8, 15 -> 9, 16 -> 10, 17 -> 11, 18 -> 12, 19 -> 7, 20 -> 8, 21 -> 9, 22 -> 10, 23 -> 11, 24 -> 12, 25 -> 1, 26 -> 2, 27 -> 3, 28 -> 4, 29 -> 5, 30 -> 6, 31 -> 1, 32 -> 2, 33 -> 3, 34 -> 4, 35 -> 5, 36 -> 6, 37 -> 1, 38 -> 2, 39 -> 3, 40 -> 4, 41 -> 5, 42 -> 6, 43 -> 1, 44 -> 2, 45 -> 3, 46 -> 4, 47 -> 5, 48 -> 6}.
treeOfM := {1 -> 51, 2 -> 52, 3 -> 51, 4 -> 52, 5 -> 51, 6 -> 52, 7 -> 49, 8 -> 50, 9 -> 49, 10 -> 50, 11 -> 49, 12 -> 50}.
partnerOfM := {1 -> 7, 2 -> 8, 3 -> 9, 4 -> 10, 5 -> 11, 6 -> 12, 7 -> 1, 8 -> 2, 9 -> 3, 10 -> 4, 11 -> 5, 12 -> 6}.
typeConfigObject := {1 -> Monkey__, 2 -> Monkey__, 3 -> Monkey__, 4 -> Monkey__, 5 -> Monkey__, 6 -> Monkey__, 7 -> Monkey__, 8 -> Monkey__, 9 -> Monkey__, 10 -> Monkey__, 11 -> Monkey__, 12 -> Monkey__, 13 -> Banana__, 14 -> Banana__, 15 -> Banana__, 16 -> Banana__, 17 -> Banana__, 18 -> Banana__, 19 -> Banana__, 20 -> Banana__, 21 -> Banana__, 22 -> Banana__, 23 -> Banana__, 24 -> Banana__, 25 -> Banana__, 26 -> Banana__, 27 -> Banana__, 28 -> Banana__, 29 -> Banana__, 30 -> Banana__, 31 -> Banana__, 32 -> Banana__, 33 -> Banana__, 34 -> Banana__, 35 -> Banana__, 36 -> Banana__, 37 -> Banana__, 38 -> Banana__, 39 -> Banana__, 40 -> Banana__, 41 -> Banana__, 42 -> Banana__, 43 -> Banana__, 44 -> Banana__, 45 -> Banana__, 46 -> Banana__, 47 -> Banana__, 48 -> Banana__, 49 -> Tree__, 50 -> Tree__, 51 -> Tree__, 52 -> Tree__}.
-------------------
Elapsed time: 0.7009091377258301 seconds
