Monkey := {1, 2}.
Banana := {3, 4}.
Tree := {5, 6}.
UNUSED := {}.
ownerOfB := {3 -> 1, 4 -> 2}.
treeOfM := {1 -> 5, 2 -> 6}.
partnerOfM := {1 -> 2, 2 -> 1}.
maxMonkey := 3.
maxBanana := 5.
maxTree := 7.
// maxUNUSED := *.
mulConfigObject := {1 -> 6, 2 -> 6, 3 -> 12, 4 -> 12, 5 -> 2, 6 -> 2}.
typeConfigObject := {1 -> Monkey__, 2 -> Monkey__, 3 -> Banana__, 4 -> Banana__, 5 -> Tree__, 6 -> Tree__}.

0.515 Expansion
-------------------
ConfigObject := {1, 2, 3, 4, 5, 6, 7, 8, 9, 10, 11, 12, 13, 14, 15, 16, 17, 18, 19, 20, 21, 22, 23, 24, 25, 26, 27, 28, 29, 30, 31, 32, 33, 34, 35, 36, 37, 38, 39, 40}.
Monkey := {1, 2, 3, 4, 5, 6, 7, 8, 9, 10, 11, 12}.
Banana := {13, 14, 15, 16, 17, 18, 19, 20, 21, 22, 23, 24, 25, 26, 27, 28, 29, 30, 31, 32, 33, 34, 35, 36}.
Tree := {37, 38, 39, 40}.
UNUSED := {}.
ownerOfB := {13 -> 1, 14 -> 2, 15 -> 3, 16 -> 4, 17 -> 5, 18 -> 6, 19 -> 1, 20 -> 2, 21 -> 3, 22 -> 4, 23 -> 5, 24 -> 6, 25 -> 7, 26 -> 8, 27 -> 9, 28 -> 10, 29 -> 11, 30 -> 12, 31 -> 7, 32 -> 8, 33 -> 9, 34 -> 10, 35 -> 11, 36 -> 12}.
treeOfM := {1 -> 37, 2 -> 38, 3 -> 37, 4 -> 38, 5 -> 37, 6 -> 38, 7 -> 39, 8 -> 40, 9 -> 39, 10 -> 40, 11 -> 39, 12 -> 40}.
partnerOfM := {1 -> 7, 2 -> 8, 3 -> 9, 4 -> 10, 5 -> 11, 6 -> 12, 7 -> 1, 8 -> 2, 9 -> 3, 10 -> 4, 11 -> 5, 12 -> 6}.
typeConfigObject := {1 -> Monkey__, 2 -> Monkey__, 3 -> Monkey__, 4 -> Monkey__, 5 -> Monkey__, 6 -> Monkey__, 7 -> Monkey__, 8 -> Monkey__, 9 -> Monkey__, 10 -> Monkey__, 11 -> Monkey__, 12 -> Monkey__, 13 -> Banana__, 14 -> Banana__, 15 -> Banana__, 16 -> Banana__, 17 -> Banana__, 18 -> Banana__, 19 -> Banana__, 20 -> Banana__, 21 -> Banana__, 22 -> Banana__, 23 -> Banana__, 24 -> Banana__, 25 -> Banana__, 26 -> Banana__, 27 -> Banana__, 28 -> Banana__, 29 -> Banana__, 30 -> Banana__, 31 -> Banana__, 32 -> Banana__, 33 -> Banana__, 34 -> Banana__, 35 -> Banana__, 36 -> Banana__, 37 -> Tree__, 38 -> Tree__, 39 -> Tree__, 40 -> Tree__}.
-------------------
Elapsed time: 0.5847017765045166 seconds
