Monkey := {M1, M4}.
Banana := {B1, B2}.
Tree := {T1, T5}.
ownerOfB := {B1 -> M4, B2 -> M1}.
treeOfM := {M1 -> T1, M4 -> T5}.
partnerOfM := {M1 -> M4, M4 -> M1}.
mulMonkey_T := {M1 -> 6, M2 -> 0, M3 -> 0, M4 -> 6}.
mulBanana_T := {B1 -> 12, B2 -> 12}.
mulTree_T := {T1 -> 2, T2 -> 0, T3 -> 0, T4 -> 0, T5 -> 2, T6 -> 0}.

0.323 Expansion
-------------------
Monkey_T := {1, 2, 3, 4, 5, 6, 7, 8, 9, 10, 11, 12}.
Banana_T := {13, 14, 15, 16, 17, 18, 19, 20, 21, 22, 23, 24, 25, 26, 27, 28, 29, 30, 31, 32, 33, 34, 35, 36}.
Tree_T := {37, 38, 39, 40}.
Monkey := {1, 2, 3, 4, 5, 6, 7, 8, 9, 10, 11, 12}.
Banana := {13, 14, 15, 16, 17, 18, 19, 20, 21, 22, 23, 24, 25, 26, 27, 28, 29, 30, 31, 32, 33, 34, 35, 36}.
Tree := {37, 38, 39, 40}.
ownerOfB := {13 -> 7, 14 -> 8, 15 -> 9, 16 -> 10, 17 -> 11, 18 -> 12, 19 -> 7, 20 -> 8, 21 -> 9, 22 -> 10, 23 -> 11, 24 -> 12, 25 -> 1, 26 -> 2, 27 -> 3, 28 -> 4, 29 -> 5, 30 -> 6, 31 -> 1, 32 -> 2, 33 -> 3, 34 -> 4, 35 -> 5, 36 -> 6}.
treeOfM := {1 -> 37, 2 -> 38, 3 -> 37, 4 -> 38, 5 -> 37, 6 -> 38, 7 -> 39, 8 -> 40, 9 -> 39, 10 -> 40, 11 -> 39, 12 -> 40}.
partnerOfM := {1 -> 7, 2 -> 8, 3 -> 9, 4 -> 10, 5 -> 11, 6 -> 12, 7 -> 1, 8 -> 2, 9 -> 3, 10 -> 4, 11 -> 5, 12 -> 6}.
-------------------
Elapsed time: 0.37680673599243164 seconds
