Monkey := {M3, M4}.
Banana := {B1, B2}.
Tree := {T4, T5}.
ownerOfB := {B1 -> M3, B2 -> M4}.
treeOfM := {M3 -> T4, M4 -> T5}.
partnerOfM := {M3 -> M4, M4 -> M3}.
mulMonkey_T := {M1 -> 0, M2 -> 0, M3 -> 6, M4 -> 6}.
mulBanana_T := {B1 -> 18, B2 -> 12}.
mulTree_T := {T1 -> 0, T2 -> 0, T3 -> 0, T4 -> 2, T5 -> 2}.

0.265 Expansion
-------------------
Monkey_T := {1, 2, 3, 4, 5, 6, 7, 8, 9, 10, 11, 12}.
Banana_T := {13, 14, 15, 16, 17, 18, 19, 20, 21, 22, 23, 24, 25, 26, 27, 28, 29, 30, 31, 32, 33, 34, 35, 36, 37, 38, 39, 40, 41, 42}.
Tree_T := {43, 44, 45, 46}.
Monkey := {1, 2, 3, 4, 5, 6, 7, 8, 9, 10, 11, 12}.
Banana := {13, 14, 15, 16, 17, 18, 19, 20, 21, 22, 23, 24, 25, 26, 27, 28, 29, 30, 31, 32, 33, 34, 35, 36, 37, 38, 39, 40, 41, 42}.
Tree := {43, 44, 45, 46}.
ownerOfB := {13 -> 1, 14 -> 2, 15 -> 3, 16 -> 4, 17 -> 5, 18 -> 6, 19 -> 1, 20 -> 2, 21 -> 3, 22 -> 4, 23 -> 5, 24 -> 6, 25 -> 1, 26 -> 2, 27 -> 3, 28 -> 4, 29 -> 5, 30 -> 6, 31 -> 7, 32 -> 8, 33 -> 9, 34 -> 10, 35 -> 11, 36 -> 12, 37 -> 7, 38 -> 8, 39 -> 9, 40 -> 10, 41 -> 11, 42 -> 12}.
treeOfM := {1 -> 43, 2 -> 44, 3 -> 43, 4 -> 44, 5 -> 43, 6 -> 44, 7 -> 45, 8 -> 46, 9 -> 45, 10 -> 46, 11 -> 45, 12 -> 46}.
partnerOfM := {1 -> 7, 2 -> 8, 3 -> 9, 4 -> 10, 5 -> 11, 6 -> 12, 7 -> 1, 8 -> 2, 9 -> 3, 10 -> 4, 11 -> 5, 12 -> 6}.
-------------------
Elapsed time: 0.3202195167541504 seconds
