Rack := {R1}.
Frame := {F1, F2, F3}.
Module := {M1, M2, M3, M4, M5}.
Element := {E1, E3, E4, E5}.
module14 := {M1, M3, M4, M5}.
typeOfR := {R1 -> RackDouble}.
typeOfM := {M1 -> ModuleII, M2 -> ModuleV, M3 -> ModuleI, M4 -> ModuleIII, M5 -> ModuleIV}.
typeOfE := {E1 -> ElementD, E3 -> ElementB, E4 -> ElementA, E5 -> ElementC}.
rackOfF := {F1 -> R1, F2 -> R1, F3 -> R1}.
frameOfM := {M1 -> F1, M2 -> F1, M3 -> F1, M4 -> F3, M5 -> F2}.
elementOfM := {M1 -> E3, M3 -> E4, M4 -> E5, M5 -> E1}.
mulRack_T := {R1 -> 5}.
mulFrame_T := {F1 -> 5, F2 -> 20, F3 -> 15}.
mulModule_T := {M1 -> 10, M2 -> 5, M3 -> 5, M4 -> 15, M5 -> 20}.
mulElement_T := {E1 -> 5, E2 -> 0, E3 -> 5, E4 -> 5, E5 -> 5, E6 -> 0, E7 -> 0}.

2.592 Expansion
-------------------
Rack_T := {1, 2, 3, 4, 5}.
Frame_T := {6, 7, 8, 9, 10, 11, 12, 13, 14, 15, 16, 17, 18, 19, 20, 21, 22, 23, 24, 25, 26, 27, 28, 29, 30, 31, 32, 33, 34, 35, 36, 37, 38, 39, 40, 41, 42, 43, 44, 45}.
Module_T := {46, 47, 48, 49, 50, 51, 52, 53, 54, 55, 56, 57, 58, 59, 60, 61, 62, 63, 64, 65, 66, 67, 68, 69, 70, 71, 72, 73, 74, 75, 76, 77, 78, 79, 80, 81, 82, 83, 84, 85, 86, 87, 88, 89, 90, 91, 92, 93, 94, 95, 96, 97, 98, 99, 100}.
Element_T := {101, 102, 103, 104, 105, 106, 107, 108, 109, 110, 111, 112, 113, 114, 115, 116, 117, 118, 119, 120}.
Rack := {1, 2, 3, 4, 5}.
Frame := {6, 7, 8, 9, 10, 11, 12, 13, 14, 15, 16, 17, 18, 19, 20, 21, 22, 23, 24, 25, 26, 27, 28, 29, 30, 31, 32, 33, 34, 35, 36, 37, 38, 39, 40, 41, 42, 43, 44, 45}.
Module := {46, 47, 48, 49, 50, 51, 52, 53, 54, 55, 56, 57, 58, 59, 60, 61, 62, 63, 64, 65, 66, 67, 68, 69, 70, 71, 72, 73, 74, 75, 76, 77, 78, 79, 80, 81, 82, 83, 84, 85, 86, 87, 88, 89, 90, 91, 92, 93, 94, 95, 96, 97, 98, 99, 100}.
Element := {101, 102, 103, 104, 105, 106, 107, 108, 109, 110, 111, 112, 113, 114, 115, 116, 117, 118, 119, 120}.
module14 := {46, 47, 48, 49, 50, 51, 52, 53, 54, 55, 61, 62, 63, 64, 65, 66, 67, 68, 69, 70, 71, 72, 73, 74, 75, 76, 77, 78, 79, 80, 81, 82, 83, 84, 85, 86, 87, 88, 89, 90, 91, 92, 93, 94, 95, 96, 97, 98, 99, 100}.
typeOfR := {1 -> RackDouble, 2 -> RackDouble, 3 -> RackDouble, 4 -> RackDouble, 5 -> RackDouble}.
typeOfM := {46 -> ModuleII, 47 -> ModuleII, 48 -> ModuleII, 49 -> ModuleII, 50 -> ModuleII, 51 -> ModuleII, 52 -> ModuleII, 53 -> ModuleII, 54 -> ModuleII, 55 -> ModuleII, 56 -> ModuleV, 57 -> ModuleV, 58 -> ModuleV, 59 -> ModuleV, 60 -> ModuleV, 61 -> ModuleI, 62 -> ModuleI, 63 -> ModuleI, 64 -> ModuleI, 65 -> ModuleI, 66 -> ModuleIII, 67 -> ModuleIII, 68 -> ModuleIII, 69 -> ModuleIII, 70 -> ModuleIII, 71 -> ModuleIII, 72 -> ModuleIII, 73 -> ModuleIII, 74 -> ModuleIII, 75 -> ModuleIII, 76 -> ModuleIII, 77 -> ModuleIII, 78 -> ModuleIII, 79 -> ModuleIII, 80 -> ModuleIII, 81 -> ModuleIV, 82 -> ModuleIV, 83 -> ModuleIV, 84 -> ModuleIV, 85 -> ModuleIV, 86 -> ModuleIV, 87 -> ModuleIV, 88 -> ModuleIV, 89 -> ModuleIV, 90 -> ModuleIV, 91 -> ModuleIV, 92 -> ModuleIV, 93 -> ModuleIV, 94 -> ModuleIV, 95 -> ModuleIV, 96 -> ModuleIV, 97 -> ModuleIV, 98 -> ModuleIV, 99 -> ModuleIV, 100 -> ModuleIV}.
typeOfE := {101 -> ElementD, 102 -> ElementD, 103 -> ElementD, 104 -> ElementD, 105 -> ElementD, 106 -> ElementB, 107 -> ElementB, 108 -> ElementB, 109 -> ElementB, 110 -> ElementB, 111 -> ElementA, 112 -> ElementA, 113 -> ElementA, 114 -> ElementA, 115 -> ElementA, 116 -> ElementC, 117 -> ElementC, 118 -> ElementC, 119 -> ElementC, 120 -> ElementC}.
rackOfF := {6 -> 1, 7 -> 2, 8 -> 3, 9 -> 4, 10 -> 5, 11 -> 1, 12 -> 2, 13 -> 3, 14 -> 4, 15 -> 5, 16 -> 1, 17 -> 2, 18 -> 3, 19 -> 4, 20 -> 5, 21 -> 1, 22 -> 2, 23 -> 3, 24 -> 4, 25 -> 5, 26 -> 1, 27 -> 2, 28 -> 3, 29 -> 4, 30 -> 5, 31 -> 1, 32 -> 2, 33 -> 3, 34 -> 4, 35 -> 5, 36 -> 1, 37 -> 2, 38 -> 3, 39 -> 4, 40 -> 5, 41 -> 1, 42 -> 2, 43 -> 3, 44 -> 4, 45 -> 5}.
frameOfM := {46 -> 6, 47 -> 7, 48 -> 8, 49 -> 9, 50 -> 10, 51 -> 6, 52 -> 7, 53 -> 8, 54 -> 9, 55 -> 10, 56 -> 6, 57 -> 7, 58 -> 8, 59 -> 9, 60 -> 10, 61 -> 6, 62 -> 7, 63 -> 8, 64 -> 9, 65 -> 10, 66 -> 31, 67 -> 32, 68 -> 33, 69 -> 34, 70 -> 35, 71 -> 36, 72 -> 37, 73 -> 38, 74 -> 39, 75 -> 40, 76 -> 41, 77 -> 42, 78 -> 43, 79 -> 44, 80 -> 45, 81 -> 11, 82 -> 12, 83 -> 13, 84 -> 14, 85 -> 15, 86 -> 16, 87 -> 17, 88 -> 18, 89 -> 19, 90 -> 20, 91 -> 21, 92 -> 22, 93 -> 23, 94 -> 24, 95 -> 25, 96 -> 26, 97 -> 27, 98 -> 28, 99 -> 29, 100 -> 30}.
elementOfM := {46 -> 106, 47 -> 107, 48 -> 108, 49 -> 109, 50 -> 110, 51 -> 106, 52 -> 107, 53 -> 108, 54 -> 109, 55 -> 110, 61 -> 111, 62 -> 112, 63 -> 113, 64 -> 114, 65 -> 115, 66 -> 116, 67 -> 117, 68 -> 118, 69 -> 119, 70 -> 120, 71 -> 116, 72 -> 117, 73 -> 118, 74 -> 119, 75 -> 120, 76 -> 116, 77 -> 117, 78 -> 118, 79 -> 119, 80 -> 120, 81 -> 101, 82 -> 102, 83 -> 103, 84 -> 104, 85 -> 105, 86 -> 101, 87 -> 102, 88 -> 103, 89 -> 104, 90 -> 105, 91 -> 101, 92 -> 102, 93 -> 103, 94 -> 104, 95 -> 105, 96 -> 101, 97 -> 102, 98 -> 103, 99 -> 104, 100 -> 105}.
-------------------
Elapsed time: 2.701284408569336 seconds
