Rack := {1}.
Frame := {2, 3, 4}.
Module := {5}.
Element := {6}.
UNUSED := {}.
module14 := {5}.
typeOfR := {1 -> RackDouble}.
typeOfM := {5 -> ModuleI}.
typeOfE := {6 -> ElementA}.
rackOfF := {2 -> 1, 3 -> 1, 4 -> 1}.
frameOfM := {5 -> 4}.
elementOfM := {5 -> 6}.
maxRack := 2.
maxFrame := 5.
maxModule := 6.
maxElement := 7.
// maxUNUSED := *.
mulConfigObject := {1 -> 1, 2 -> 2, 3 -> 5, 4 -> 1, 5 -> 1, 6 -> 1}.
typeConfigObject := {1 -> Rack__, 2 -> Frame__, 3 -> Frame__, 4 -> Frame__, 5 -> Module__, 6 -> Element__}.

1.21 Expansion
-------------------
ConfigObject := {1, 2, 3, 4, 5, 6, 7, 8, 9, 10, 11}.
Rack := {1}.
Frame := {2, 3, 4, 5, 6, 7, 8, 9}.
Module := {10}.
Element := {11}.
UNUSED := {}.
module14 := {10}.
typeOfR := {1 -> RackDouble}.
typeOfM := {10 -> ModuleI}.
typeOfE := {11 -> ElementA}.
rackOfF := {2 -> 1, 3 -> 1, 4 -> 1, 5 -> 1, 6 -> 1, 7 -> 1, 8 -> 1, 9 -> 1}.
frameOfM := {10 -> 9}.
elementOfM := {10 -> 11}.
typeConfigObject := {1 -> Rack__, 2 -> Frame__, 3 -> Frame__, 4 -> Frame__, 5 -> Frame__, 6 -> Frame__, 7 -> Frame__, 8 -> Frame__, 9 -> Frame__, 10 -> Module__, 11 -> Element__}.
-------------------
Elapsed time: 1.3350329399108887 seconds
