Rack := {R1}.
Frame := {F1, F2}.
Module := {M1}.
Element := {E4}.
module14 := {M1}.
typeOfR := {R1 -> RackSingle}.
typeOfM := {M1 -> ModuleI}.
typeOfE := {E4 -> ElementA}.
rackOfF := {F1 -> R1, F2 -> R1}.
frameOfM := {M1 -> F2}.
elementOfM := {M1 -> E4}.
mulRack_T := {R1 -> 1}.
mulFrame_T := {F1 -> 3, F2 -> 1}.
mulModule_T := {M1 -> 1, M2 -> 0, M3 -> 0}.
mulElement_T := {E1 -> 0, E2 -> 0, E3 -> 0, E4 -> 1}.

0.484 Expansion
-------------------
Rack_T := {1}.
Frame_T := {2, 3, 4, 5}.
Module_T := {6}.
Element_T := {7}.
Rack := {1}.
Frame := {2, 3, 4, 5}.
Module := {6}.
Element := {7}.
module14 := {6}.
typeOfR := {1 -> RackSingle}.
typeOfM := {6 -> ModuleI}.
typeOfE := {7 -> ElementA}.
rackOfF := {2 -> 1, 3 -> 1, 4 -> 1, 5 -> 1}.
frameOfM := {6 -> 5}.
elementOfM := {6 -> 7}.
-------------------
Elapsed time: 0.5934364795684814 seconds
