Rack := {1}.
Frame := {2, 3, 4, 5}.
Module := {6, 7}.
Element := {8}.
UNUSED := {9}.
module14 := {6, 7}.
typeOfR := {1 -> RackSingle}.
typeOfM := {6 -> ModuleIV, 7 -> ModuleI}.
typeOfE := {8 -> ElementA}.
rackOfF := {2 -> 1, 3 -> 1, 4 -> 1, 5 -> 1}.
frameOfM := {6 -> 5, 7 -> 3}.
elementOfM := {6 -> 8, 7 -> 8}.
maxRack := 2.
maxFrame := 6.
maxModule := 8.
maxElement := 9.
maxUNUSED := 10.
typeConfigObject := {1 -> Rack__, 2 -> Frame__, 3 -> Frame__, 4 -> Frame__, 5 -> Frame__, 6 -> Module__, 7 -> Module__, 8 -> Element__, 9 -> UNUSED__}.

1.833 Expansion
-------------------
ConfigObject := {}.
Rack := {1}.
Frame := {2, 3, 4, 5}.
Module := {6, 7}.
Element := {8}.
UNUSED := {9}.
module14 := {6, 7}.
typeOfR := {1 -> RackSingle}.
typeOfM := {6 -> ModuleIV, 7 -> ModuleI}.
typeOfE := {8 -> ElementA}.
rackOfF := {2 -> 1, 3 -> 1, 4 -> 1, 5 -> 1}.
frameOfM := {6 -> 5, 7 -> 3}.
elementOfM := {6 -> 8, 7 -> 8}.
typeConfigObject := {1 -> Rack__, 2 -> Frame__, 3 -> Frame__, 4 -> Frame__, 5 -> Frame__, 6 -> Module__, 7 -> Module__, 8 -> Element__, 9 -> UNUSED__}.
-------------------
Elapsed time: 1.926717758178711 seconds
