Rack := {1}.
Frame := {2, 3, 4, 5}.
Module := {6}.
Element := {7}.
module14 := {6}.
typeOfR := {1 -> RackSingle}.
typeOfM := {6 -> ModuleI}.
typeOfE := {7 -> ElementA}.
rackOfF := {2 -> 1, 3 -> 1, 4 -> 1, 5 -> 1}.
frameOfM := {6 -> 2}.
elementOfM := {6 -> 7}.
maxRack := 2.
maxFrame := 6.
maxModule := 7.
maxElement := 8.
typeConfigObject := {1 -> Rack__, 2 -> Frame__, 3 -> Frame__, 4 -> Frame__, 5 -> Frame__, 6 -> Module__, 7 -> Element__}.

1.792 Expansion
-------------------
ConfigObject := {}.
Rack := {1}.
Frame := {2, 3, 4, 5}.
Module := {6}.
Element := {7}.
module14 := {6}.
typeOfR := {1 -> RackSingle}.
typeOfM := {6 -> ModuleI}.
typeOfE := {7 -> ElementA}.
rackOfF := {2 -> 1, 3 -> 1, 4 -> 1, 5 -> 1}.
frameOfM := {6 -> 2}.
elementOfM := {6 -> 7}.
typeConfigObject := {1 -> Rack__, 2 -> Frame__, 3 -> Frame__, 4 -> Frame__, 5 -> Frame__, 6 -> Module__, 7 -> Element__}.
-------------------
Elapsed time: 1.8809330463409424 seconds
