Rack := {R2}.
Frame := {F1, F2, F3, F4}.
Module := {M1, M2, M3, M4, M5}.
Element := {E3}.
module14 := {M1, M2, M3, M4, M5}.
typeOfR := {R2 -> RackSingle}.
typeOfM := {M1 -> ModuleI, M2 -> ModuleIV, M3 -> ModuleIV, M4 -> ModuleIV, M5 -> ModuleIV}.
typeOfE := {E3 -> ElementA}.
rackOfF := {F1 -> R2, F2 -> R2, F3 -> R2, F4 -> R2}.
frameOfM := {M1 -> F1, M2 -> F1, M3 -> F1, M4 -> F1, M5 -> F1}.
elementOfM := {M1 -> E3, M2 -> E3, M3 -> E3, M4 -> E3, M5 -> E3}.

0.809 Expansion
-------------------
Rack_T := {}.
Frame_T := {}.
Module_T := {}.
Element_T := {}.
Rack := {R2}.
Frame := {F1, F2, F3, F4}.
Module := {M1, M2, M3, M4, M5}.
Element := {E3}.
module14 := {M1, M2, M3, M4, M5}.
typeOfR := {R2 -> RackSingle}.
typeOfM := {M1 -> ModuleI, M2 -> ModuleIV, M3 -> ModuleIV, M4 -> ModuleIV, M5 -> ModuleIV}.
typeOfE := {E3 -> ElementA}.
rackOfF := {F1 -> R2, F2 -> R2, F3 -> R2, F4 -> R2}.
frameOfM := {M1 -> F1, M2 -> F1, M3 -> F1, M4 -> F1, M5 -> F1}.
elementOfM := {M1 -> E3, M2 -> E3, M3 -> E3, M4 -> E3, M5 -> E3}.
-------------------
Elapsed time: 0.8763997554779053 seconds
