Monkey := {1, 2}.
Banana := {3, 4}.
Tree := {5, 6}.
UNUSED := {}.
ownerOfB := {3 -> 2, 4 -> 1}.
treeOfM := {1 -> 6, 2 -> 5}.
partnerOfM := {1 -> 2, 2 -> 1}.
maxMonkey := 3.
maxBanana := 5.
maxTree := 7.
// maxUNUSED := *.
mulConfigObject := {1 -> 3, 2 -> 3, 3 -> 6, 4 -> 6, 5 -> 1, 6 -> 1}.
typeConfigObject := {1 -> Monkey__, 2 -> Monkey__, 3 -> Banana__, 4 -> Banana__, 5 -> Tree__, 6 -> Tree__}.

0.57 Expansion
-------------------
ConfigObject := {1, 2, 3, 4, 5, 6, 7, 8, 9, 10, 11, 12, 13, 14, 15, 16, 17, 18, 19, 20}.
Monkey := {1, 2, 3, 4, 5, 6}.
Banana := {7, 8, 9, 10, 11, 12, 13, 14, 15, 16, 17, 18}.
Tree := {19, 20}.
UNUSED := {}.
ownerOfB := {7 -> 4, 8 -> 5, 9 -> 6, 10 -> 4, 11 -> 5, 12 -> 6, 13 -> 1, 14 -> 2, 15 -> 3, 16 -> 1, 17 -> 2, 18 -> 3}.
treeOfM := {1 -> 20, 2 -> 20, 3 -> 20, 4 -> 19, 5 -> 19, 6 -> 19}.
partnerOfM := {1 -> 4, 2 -> 5, 3 -> 6, 4 -> 1, 5 -> 2, 6 -> 3}.
typeConfigObject := {1 -> Monkey__, 2 -> Monkey__, 3 -> Monkey__, 4 -> Monkey__, 5 -> Monkey__, 6 -> Monkey__, 7 -> Banana__, 8 -> Banana__, 9 -> Banana__, 10 -> Banana__, 11 -> Banana__, 12 -> Banana__, 13 -> Banana__, 14 -> Banana__, 15 -> Banana__, 16 -> Banana__, 17 -> Banana__, 18 -> Banana__, 19 -> Tree__, 20 -> Tree__}.
-------------------
Elapsed time: 0.6361243724822998 seconds
