Monkey := {M2, M4}.
Banana := {B1, B2}.
Tree := {T1, T2}.
ownerOfB := {B1 -> M4, B2 -> M2}.
treeOfM := {M2 -> T2, M4 -> T1}.
partnerOfM := {M2 -> M4, M4 -> M2}.
mulMonkey_T := {M1 -> 0, M2 -> 3, M3 -> 0, M4 -> 3}.
mulBanana_T := {B1 -> 6, B2 -> 6}.
mulTree_T := {T1 -> 1, T2 -> 1, T3 -> 0, T4 -> 0, T5 -> 0, T6 -> 0}.

0.283 Expansion
-------------------
Monkey_T := {1, 2, 3, 4, 5, 6}.
Banana_T := {7, 8, 9, 10, 11, 12, 13, 14, 15, 16, 17, 18}.
Tree_T := {19, 20}.
Monkey := {1, 2, 3, 4, 5, 6}.
Banana := {7, 8, 9, 10, 11, 12, 13, 14, 15, 16, 17, 18}.
Tree := {19, 20}.
ownerOfB := {7 -> 4, 8 -> 5, 9 -> 6, 10 -> 4, 11 -> 5, 12 -> 6, 13 -> 1, 14 -> 2, 15 -> 3, 16 -> 1, 17 -> 2, 18 -> 3}.
treeOfM := {1 -> 20, 2 -> 20, 3 -> 20, 4 -> 19, 5 -> 19, 6 -> 19}.
partnerOfM := {1 -> 4, 2 -> 5, 3 -> 6, 4 -> 1, 5 -> 2, 6 -> 3}.
-------------------
Elapsed time: 0.3370952606201172 seconds
