Monkey := {M1, M3}.
Banana := {B1, B2}.
Tree := {T3, T4}.
ownerOfB := {B1 -> M3, B2 -> M1}.
treeOfM := {M1 -> T3, M3 -> T4}.
partnerOfM := {M1 -> M3, M3 -> M1}.
mulMonkey_T := {M1 -> 3, M2 -> 0, M3 -> 3, M4 -> 0}.
mulBanana_T := {B1 -> 6, B2 -> 6}.
mulTree_T := {T1 -> 0, T2 -> 0, T3 -> 1, T4 -> 1, T5 -> 0}.

0.351 Expansion
-------------------
Monkey_T := {1, 2, 3, 4, 5, 6}.
Banana_T := {7, 8, 9, 10, 11, 12, 13, 14, 15, 16, 17, 18}.
Tree_T := {19, 20}.
Monkey := {1, 2, 3, 4, 5, 6}.
Banana := {7, 8, 9, 10, 11, 12, 13, 14, 15, 16, 17, 18}.
Tree := {19, 20}.
ownerOfB := {7 -> 4, 8 -> 5, 9 -> 6, 10 -> 4, 11 -> 5, 12 -> 6, 13 -> 1, 14 -> 2, 15 -> 3, 16 -> 1, 17 -> 2, 18 -> 3}.
treeOfM := {1 -> 19, 2 -> 19, 3 -> 19, 4 -> 20, 5 -> 20, 6 -> 20}.
partnerOfM := {1 -> 4, 2 -> 5, 3 -> 6, 4 -> 1, 5 -> 2, 6 -> 3}.
-------------------
Elapsed time: 0.42059755325317383 seconds
