Monkey := {1, 2, 3, 4, 5, 6}.
Banana := {7, 8, 9, 10, 11, 12, 13, 14, 15, 16, 17, 18}.
Tree := {19, 20}.
ownerOfB := {7 -> 5, 8 -> 1, 9 -> 3, 10 -> 1, 11 -> 6, 12 -> 4, 13 -> 2, 14 -> 2, 15 -> 3, 16 -> 4, 17 -> 5, 18 -> 6}.
treeOfM := {1 -> 19, 2 -> 20, 3 -> 20, 4 -> 19, 5 -> 19, 6 -> 20}.
partnerOfM := {1 -> 4, 2 -> 6, 3 -> 5, 4 -> 1, 5 -> 3, 6 -> 2}.
maxMonkey := 7.
maxBanana := 19.
maxTree := 21.
typeConfigObject := {1 -> Monkey__, 2 -> Monkey__, 3 -> Monkey__, 4 -> Monkey__, 5 -> Monkey__, 6 -> Monkey__, 7 -> Banana__, 8 -> Banana__, 9 -> Banana__, 10 -> Banana__, 11 -> Banana__, 12 -> Banana__, 13 -> Banana__, 14 -> Banana__, 15 -> Banana__, 16 -> Banana__, 17 -> Banana__, 18 -> Banana__, 19 -> Tree__, 20 -> Tree__}.

22.18 Expansion
-------------------
ConfigObject := {}.
Monkey := {1, 2, 3, 4, 5, 6}.
Banana := {7, 8, 9, 10, 11, 12, 13, 14, 15, 16, 17, 18}.
Tree := {19, 20}.
ownerOfB := {7 -> 5, 8 -> 1, 9 -> 3, 10 -> 1, 11 -> 6, 12 -> 4, 13 -> 2, 14 -> 2, 15 -> 3, 16 -> 4, 17 -> 5, 18 -> 6}.
treeOfM := {1 -> 19, 2 -> 20, 3 -> 20, 4 -> 19, 5 -> 19, 6 -> 20}.
partnerOfM := {1 -> 4, 2 -> 6, 3 -> 5, 4 -> 1, 5 -> 3, 6 -> 2}.
typeConfigObject := {1 -> Monkey__, 2 -> Monkey__, 3 -> Monkey__, 4 -> Monkey__, 5 -> Monkey__, 6 -> Monkey__, 7 -> Banana__, 8 -> Banana__, 9 -> Banana__, 10 -> Banana__, 11 -> Banana__, 12 -> Banana__, 13 -> Banana__, 14 -> Banana__, 15 -> Banana__, 16 -> Banana__, 17 -> Banana__, 18 -> Banana__, 19 -> Tree__, 20 -> Tree__}.
-------------------
Elapsed time: 22.2197003364563 seconds
