Monkey := {1, 2, 3, 4, 5, 6}.
Banana := {7, 8, 9, 10, 11, 12, 13, 14, 15, 16, 17, 18, 19, 20, 21, 22, 23, 24, 25, 26}.
Tree := {27, 28}.
UNUSED := {}.
ownerOfB := {7 -> 6, 8 -> 5, 9 -> 5, 10 -> 5, 11 -> 5, 12 -> 5, 13 -> 5, 14 -> 5, 15 -> 1, 16 -> 2, 17 -> 3, 18 -> 2, 19 -> 4, 20 -> 3, 21 -> 4, 22 -> 1, 23 -> 5, 24 -> 5, 25 -> 5, 26 -> 6}.
treeOfM := {1 -> 28, 2 -> 28, 3 -> 28, 4 -> 27, 5 -> 27, 6 -> 27}.
partnerOfM := {1 -> 5, 2 -> 4, 3 -> 6, 4 -> 2, 5 -> 1, 6 -> 3}.
maxMonkey := 7.
maxBanana := 27.
maxTree := 29.
// maxUNUSED := *.
typeConfigObject := {1 -> Monkey__, 2 -> Monkey__, 3 -> Monkey__, 4 -> Monkey__, 5 -> Monkey__, 6 -> Monkey__, 7 -> Banana__, 8 -> Banana__, 9 -> Banana__, 10 -> Banana__, 11 -> Banana__, 12 -> Banana__, 13 -> Banana__, 14 -> Banana__, 15 -> Banana__, 16 -> Banana__, 17 -> Banana__, 18 -> Banana__, 19 -> Banana__, 20 -> Banana__, 21 -> Banana__, 22 -> Banana__, 23 -> Banana__, 24 -> Banana__, 25 -> Banana__, 26 -> Banana__, 27 -> Tree__, 28 -> Tree__}.

10.455 Expansion
-------------------
ConfigObject := {}.
Monkey := {1, 2, 3, 4, 5, 6}.
Banana := {7, 8, 9, 10, 11, 12, 13, 14, 15, 16, 17, 18, 19, 20, 21, 22, 23, 24, 25, 26}.
Tree := {27, 28}.
UNUSED := {}.
ownerOfB := {7 -> 6, 8 -> 5, 9 -> 5, 10 -> 5, 11 -> 5, 12 -> 5, 13 -> 5, 14 -> 5, 15 -> 1, 16 -> 2, 17 -> 3, 18 -> 2, 19 -> 4, 20 -> 3, 21 -> 4, 22 -> 1, 23 -> 5, 24 -> 5, 25 -> 5, 26 -> 6}.
treeOfM := {1 -> 28, 2 -> 28, 3 -> 28, 4 -> 27, 5 -> 27, 6 -> 27}.
partnerOfM := {1 -> 5, 2 -> 4, 3 -> 6, 4 -> 2, 5 -> 1, 6 -> 3}.
typeConfigObject := {1 -> Monkey__, 2 -> Monkey__, 3 -> Monkey__, 4 -> Monkey__, 5 -> Monkey__, 6 -> Monkey__, 7 -> Banana__, 8 -> Banana__, 9 -> Banana__, 10 -> Banana__, 11 -> Banana__, 12 -> Banana__, 13 -> Banana__, 14 -> Banana__, 15 -> Banana__, 16 -> Banana__, 17 -> Banana__, 18 -> Banana__, 19 -> Banana__, 20 -> Banana__, 21 -> Banana__, 22 -> Banana__, 23 -> Banana__, 24 -> Banana__, 25 -> Banana__, 26 -> Banana__, 27 -> Tree__, 28 -> Tree__}.
-------------------
Elapsed time: 10.503841161727905 seconds
