Rack := {1}.
Frame := {2, 3}.
Module := {4}.
Element := {5}.
module14 := {4}.
typeOfR := {1 -> RackDouble}.
typeOfM := {4 -> ModuleI}.
typeOfE := {5 -> ElementA}.
rackOfF := {2 -> 1, 3 -> 1}.
frameOfM := {4 -> 2}.
elementOfM := {4 -> 5}.
maxRack := 2.
maxFrame := 4.
maxModule := 5.
maxElement := 6.
mulConfigObject := {1 -> 2, 2 -> 2, 3 -> 14, 4 -> 10, 5 -> 10}.
typeConfigObject := {1 -> Rack__, 2 -> Frame__, 3 -> Frame__, 4 -> Module__, 5 -> Element__}.

1.046 Expansion
-------------------
ConfigObject := {1, 2, 3, 4, 5, 6, 7, 8, 9, 10, 11, 12, 13, 14, 15, 16, 17, 18, 19, 20, 21, 22, 23, 24, 25, 26, 27, 28, 29, 30, 31, 32, 33, 34, 35, 36, 37, 38}.
Rack := {1, 2}.
Frame := {3, 4, 5, 6, 7, 8, 9, 10, 11, 12, 13, 14, 15, 16, 17, 18}.
Module := {19, 20, 21, 22, 23, 24, 25, 26, 27, 28}.
Element := {29, 30, 31, 32, 33, 34, 35, 36, 37, 38}.
module14 := {19, 20, 21, 22, 23, 24, 25, 26, 27, 28}.
typeOfR := {1 -> RackDouble, 2 -> RackDouble}.
typeOfM := {19 -> ModuleI, 20 -> ModuleI, 21 -> ModuleI, 22 -> ModuleI, 23 -> ModuleI, 24 -> ModuleI, 25 -> ModuleI, 26 -> ModuleI, 27 -> ModuleI, 28 -> ModuleI}.
typeOfE := {29 -> ElementA, 30 -> ElementA, 31 -> ElementA, 32 -> ElementA, 33 -> ElementA, 34 -> ElementA, 35 -> ElementA, 36 -> ElementA, 37 -> ElementA, 38 -> ElementA}.
rackOfF := {3 -> 1, 4 -> 2, 5 -> 1, 6 -> 2, 7 -> 1, 8 -> 2, 9 -> 1, 10 -> 2, 11 -> 1, 12 -> 2, 13 -> 1, 14 -> 2, 15 -> 1, 16 -> 2, 17 -> 1, 18 -> 2}.
frameOfM := {19 -> 3, 20 -> 4, 21 -> 3, 22 -> 4, 23 -> 3, 24 -> 4, 25 -> 3, 26 -> 4, 27 -> 3, 28 -> 4}.
elementOfM := {19 -> 29, 20 -> 30, 21 -> 31, 22 -> 32, 23 -> 33, 24 -> 34, 25 -> 35, 26 -> 36, 27 -> 37, 28 -> 38}.
typeConfigObject := {1 -> Rack__, 2 -> Rack__, 3 -> Frame__, 4 -> Frame__, 5 -> Frame__, 6 -> Frame__, 7 -> Frame__, 8 -> Frame__, 9 -> Frame__, 10 -> Frame__, 11 -> Frame__, 12 -> Frame__, 13 -> Frame__, 14 -> Frame__, 15 -> Frame__, 16 -> Frame__, 17 -> Frame__, 18 -> Frame__, 19 -> Module__, 20 -> Module__, 21 -> Module__, 22 -> Module__, 23 -> Module__, 24 -> Module__, 25 -> Module__, 26 -> Module__, 27 -> Module__, 28 -> Module__, 29 -> Element__, 30 -> Element__, 31 -> Element__, 32 -> Element__, 33 -> Element__, 34 -> Element__, 35 -> Element__, 36 -> Element__, 37 -> Element__, 38 -> Element__}.
-------------------
Elapsed time: 1.1671271324157715 seconds
