Rack := {1}.
Frame := {2, 3}.
Module := {4, 5}.
Element := {6}.
UNUSED := {}.
module14 := {4, 5}.
typeOfR := {1 -> RackSingle}.
typeOfM := {4 -> ModuleIV, 5 -> ModuleI}.
typeOfE := {6 -> ElementA}.
rackOfF := {2 -> 1, 3 -> 1}.
frameOfM := {4 -> 2, 5 -> 2}.
elementOfM := {4 -> 6, 5 -> 6}.
maxRack := 2.
maxFrame := 4.
maxModule := 6.
maxElement := 7.
// maxUNUSED := *.
mulConfigObject := {1 -> 5, 2 -> 10, 3 -> 10, 4 -> 10, 5 -> 10, 6 -> 10}.
typeConfigObject := {1 -> Rack__, 2 -> Frame__, 3 -> Frame__, 4 -> Module__, 5 -> Module__, 6 -> Element__}.

1.322 Expansion
-------------------
ConfigObject := {1, 2, 3, 4, 5, 6, 7, 8, 9, 10, 11, 12, 13, 14, 15, 16, 17, 18, 19, 20, 21, 22, 23, 24, 25, 26, 27, 28, 29, 30, 31, 32, 33, 34, 35, 36, 37, 38, 39, 40, 41, 42, 43, 44, 45, 46, 47, 48, 49, 50, 51, 52, 53, 54, 55}.
Rack := {1, 2, 3, 4, 5}.
Frame := {6, 7, 8, 9, 10, 11, 12, 13, 14, 15, 16, 17, 18, 19, 20, 21, 22, 23, 24, 25}.
Module := {26, 27, 28, 29, 30, 31, 32, 33, 34, 35, 36, 37, 38, 39, 40, 41, 42, 43, 44, 45}.
Element := {46, 47, 48, 49, 50, 51, 52, 53, 54, 55}.
UNUSED := {}.
module14 := {26, 27, 28, 29, 30, 31, 32, 33, 34, 35, 36, 37, 38, 39, 40, 41, 42, 43, 44, 45}.
typeOfR := {1 -> RackSingle, 2 -> RackSingle, 3 -> RackSingle, 4 -> RackSingle, 5 -> RackSingle}.
typeOfM := {26 -> ModuleIV, 27 -> ModuleIV, 28 -> ModuleIV, 29 -> ModuleIV, 30 -> ModuleIV, 31 -> ModuleIV, 32 -> ModuleIV, 33 -> ModuleIV, 34 -> ModuleIV, 35 -> ModuleIV, 36 -> ModuleI, 37 -> ModuleI, 38 -> ModuleI, 39 -> ModuleI, 40 -> ModuleI, 41 -> ModuleI, 42 -> ModuleI, 43 -> ModuleI, 44 -> ModuleI, 45 -> ModuleI}.
typeOfE := {46 -> ElementA, 47 -> ElementA, 48 -> ElementA, 49 -> ElementA, 50 -> ElementA, 51 -> ElementA, 52 -> ElementA, 53 -> ElementA, 54 -> ElementA, 55 -> ElementA}.
rackOfF := {6 -> 1, 7 -> 2, 8 -> 3, 9 -> 4, 10 -> 5, 11 -> 1, 12 -> 2, 13 -> 3, 14 -> 4, 15 -> 5, 16 -> 1, 17 -> 2, 18 -> 3, 19 -> 4, 20 -> 5, 21 -> 1, 22 -> 2, 23 -> 3, 24 -> 4, 25 -> 5}.
frameOfM := {26 -> 6, 27 -> 7, 28 -> 8, 29 -> 9, 30 -> 10, 31 -> 11, 32 -> 12, 33 -> 13, 34 -> 14, 35 -> 15, 36 -> 6, 37 -> 7, 38 -> 8, 39 -> 9, 40 -> 10, 41 -> 11, 42 -> 12, 43 -> 13, 44 -> 14, 45 -> 15}.
elementOfM := {26 -> 46, 27 -> 47, 28 -> 48, 29 -> 49, 30 -> 50, 31 -> 51, 32 -> 52, 33 -> 53, 34 -> 54, 35 -> 55, 36 -> 46, 37 -> 47, 38 -> 48, 39 -> 49, 40 -> 50, 41 -> 51, 42 -> 52, 43 -> 53, 44 -> 54, 45 -> 55}.
typeConfigObject := {1 -> Rack__, 2 -> Rack__, 3 -> Rack__, 4 -> Rack__, 5 -> Rack__, 6 -> Frame__, 7 -> Frame__, 8 -> Frame__, 9 -> Frame__, 10 -> Frame__, 11 -> Frame__, 12 -> Frame__, 13 -> Frame__, 14 -> Frame__, 15 -> Frame__, 16 -> Frame__, 17 -> Frame__, 18 -> Frame__, 19 -> Frame__, 20 -> Frame__, 21 -> Frame__, 22 -> Frame__, 23 -> Frame__, 24 -> Frame__, 25 -> Frame__, 26 -> Module__, 27 -> Module__, 28 -> Module__, 29 -> Module__, 30 -> Module__, 31 -> Module__, 32 -> Module__, 33 -> Module__, 34 -> Module__, 35 -> Module__, 36 -> Module__, 37 -> Module__, 38 -> Module__, 39 -> Module__, 40 -> Module__, 41 -> Module__, 42 -> Module__, 43 -> Module__, 44 -> Module__, 45 -> Module__, 46 -> Element__, 47 -> Element__, 48 -> Element__, 49 -> Element__, 50 -> Element__, 51 -> Element__, 52 -> Element__, 53 -> Element__, 54 -> Element__, 55 -> Element__}.
-------------------
Elapsed time: 1.4477851390838623 seconds
