Rack := {R1}.
Frame := {F1, F2}.
Module := {M1, M2, M3}.
Element := {E2, E3, E4}.
module14 := {M1, M2, M3}.
typeOfR := {R1 -> RackSingle}.
typeOfM := {M1 -> ModuleI, M2 -> ModuleI, M3 -> ModuleI}.
typeOfE := {E2 -> ElementA, E3 -> ElementA, E4 -> ElementA}.
rackOfF := {F1 -> R1, F2 -> R1}.
frameOfM := {M1 -> F1, M2 -> F1, M3 -> F1}.
elementOfM := {M1 -> E4, M2 -> E3, M3 -> E2}.
mulRack_T := {R1 -> 1}.
mulFrame_T := {F1 -> 2, F2 -> 2}.
mulModule_T := {M1 -> 2, M2 -> 6, M3 -> 2}.
mulElement_T := {E1 -> 0, E2 -> 2, E3 -> 6, E4 -> 2}.

0.587 Expansion
-------------------
Rack_T := {1}.
Frame_T := {2, 3, 4, 5}.
Module_T := {6, 7, 8, 9, 10, 11, 12, 13, 14, 15}.
Element_T := {16, 17, 18, 19, 20, 21, 22, 23, 24, 25}.
Rack := {1}.
Frame := {2, 3, 4, 5}.
Module := {6, 7, 8, 9, 10, 11, 12, 13, 14, 15}.
Element := {16, 17, 18, 19, 20, 21, 22, 23, 24, 25}.
module14 := {6, 7, 8, 9, 10, 11, 12, 13, 14, 15}.
typeOfR := {1 -> RackSingle}.
typeOfM := {6 -> ModuleI, 7 -> ModuleI, 8 -> ModuleI, 9 -> ModuleI, 10 -> ModuleI, 11 -> ModuleI, 12 -> ModuleI, 13 -> ModuleI, 14 -> ModuleI, 15 -> ModuleI}.
typeOfE := {16 -> ElementA, 17 -> ElementA, 18 -> ElementA, 19 -> ElementA, 20 -> ElementA, 21 -> ElementA, 22 -> ElementA, 23 -> ElementA, 24 -> ElementA, 25 -> ElementA}.
rackOfF := {2 -> 1, 3 -> 1, 4 -> 1, 5 -> 1}.
frameOfM := {6 -> 2, 7 -> 3, 8 -> 2, 9 -> 3, 10 -> 2, 11 -> 3, 12 -> 2, 13 -> 3, 14 -> 2, 15 -> 3}.
elementOfM := {6 -> 24, 7 -> 25, 8 -> 18, 9 -> 19, 10 -> 20, 11 -> 21, 12 -> 22, 13 -> 23, 14 -> 16, 15 -> 17}.
-------------------
Elapsed time: 0.704451322555542 seconds
