Rack := {R5}.
Frame := {F1, F2, F5, F7}.
Module := {M1, M2, M3, M4, M5, M6, M7, M8, M9, M10}.
Element := {E1, E2, E4, E5, E8, E10, E11, E12, E14, E16}.
module14 := {M1, M2, M3, M4, M5, M6, M7, M8, M9, M10}.
typeOfR := {R5 -> RackSingle}.
typeOfM := {M1 -> ModuleI, M2 -> ModuleI, M3 -> ModuleI, M4 -> ModuleI, M5 -> ModuleI, M6 -> ModuleI, M7 -> ModuleI, M8 -> ModuleI, M9 -> ModuleI, M10 -> ModuleI}.
typeOfE := {E1 -> ElementA, E2 -> ElementA, E4 -> ElementA, E5 -> ElementA, E8 -> ElementA, E10 -> ElementA, E11 -> ElementA, E12 -> ElementA, E14 -> ElementA, E16 -> ElementA}.
rackOfF := {F1 -> R5, F2 -> R5, F5 -> R5, F7 -> R5}.
frameOfM := {M1 -> F1, M2 -> F1, M3 -> F7, M4 -> F1, M5 -> F2, M6 -> F7, M7 -> F2, M8 -> F7, M9 -> F1, M10 -> F2}.
elementOfM := {M1 -> E14, M2 -> E2, M3 -> E1, M4 -> E8, M5 -> E4, M6 -> E5, M7 -> E10, M8 -> E11, M9 -> E16, M10 -> E12}.

21.672 Expansion
-------------------
Rack_T := {}.
Frame_T := {}.
Module_T := {}.
Element_T := {}.
Rack := {R5}.
Frame := {F1, F2, F5, F7}.
Module := {M1, M2, M3, M4, M5, M6, M7, M8, M9, M10}.
Element := {E1, E2, E4, E5, E8, E10, E11, E12, E14, E16}.
module14 := {M1, M2, M3, M4, M5, M6, M7, M8, M9, M10}.
typeOfR := {R5 -> RackSingle}.
typeOfM := {M1 -> ModuleI, M2 -> ModuleI, M3 -> ModuleI, M4 -> ModuleI, M5 -> ModuleI, M6 -> ModuleI, M7 -> ModuleI, M8 -> ModuleI, M9 -> ModuleI, M10 -> ModuleI}.
typeOfE := {E1 -> ElementA, E2 -> ElementA, E4 -> ElementA, E5 -> ElementA, E8 -> ElementA, E10 -> ElementA, E11 -> ElementA, E12 -> ElementA, E14 -> ElementA, E16 -> ElementA}.
rackOfF := {F1 -> R5, F2 -> R5, F5 -> R5, F7 -> R5}.
frameOfM := {M1 -> F1, M2 -> F1, M3 -> F7, M4 -> F1, M5 -> F2, M6 -> F7, M7 -> F2, M8 -> F7, M9 -> F1, M10 -> F2}.
elementOfM := {M1 -> E14, M2 -> E2, M3 -> E1, M4 -> E8, M5 -> E4, M6 -> E5, M7 -> E10, M8 -> E11, M9 -> E16, M10 -> E12}.
-------------------
Elapsed time: 21.741739988327026 seconds
