Rack := {1}.
Frame := {2, 3}.
Module := {4}.
Element := {5}.
UNUSED := {6}.
module14 := {4}.
typeOfR := {1 -> RackSingle}.
typeOfM := {4 -> ModuleI}.
typeOfE := {5 -> ElementA}.
rackOfF := {2 -> 1, 3 -> 1}.
frameOfM := {4 -> 3}.
elementOfM := {4 -> 5}.
maxRack := 2.
maxFrame := 4.
maxModule := 5.
maxElement := 6.
maxUNUSED := 7.
mulConfigObject := {1 -> 5, 2 -> 10, 3 -> 10, 4 -> 50, 5 -> 50, 6 -> 1}.
typeConfigObject := {1 -> Rack__, 2 -> Frame__, 3 -> Frame__, 4 -> Module__, 5 -> Element__, 6 -> UNUSED__}.

1.199 Expansion
-------------------
ConfigObject := {1, 2, 3, 4, 5, 6, 7, 8, 9, 10, 11, 12, 13, 14, 15, 16, 17, 18, 19, 20, 21, 22, 23, 24, 25, 26, 27, 28, 29, 30, 31, 32, 33, 34, 35, 36, 37, 38, 39, 40, 41, 42, 43, 44, 45, 46, 47, 48, 49, 50, 51, 52, 53, 54, 55, 56, 57, 58, 59, 60, 61, 62, 63, 64, 65, 66, 67, 68, 69, 70, 71, 72, 73, 74, 75, 76, 77, 78, 79, 80, 81, 82, 83, 84, 85, 86, 87, 88, 89, 90, 91, 92, 93, 94, 95, 96, 97, 98, 99, 100, 101, 102, 103, 104, 105, 106, 107, 108, 109, 110, 111, 112, 113, 114, 115, 116, 117, 118, 119, 120, 121, 122, 123, 124, 125, 126}.
Rack := {1, 2, 3, 4, 5}.
Frame := {6, 7, 8, 9, 10, 11, 12, 13, 14, 15, 16, 17, 18, 19, 20, 21, 22, 23, 24, 25}.
Module := {26, 27, 28, 29, 30, 31, 32, 33, 34, 35, 36, 37, 38, 39, 40, 41, 42, 43, 44, 45, 46, 47, 48, 49, 50, 51, 52, 53, 54, 55, 56, 57, 58, 59, 60, 61, 62, 63, 64, 65, 66, 67, 68, 69, 70, 71, 72, 73, 74, 75}.
Element := {76, 77, 78, 79, 80, 81, 82, 83, 84, 85, 86, 87, 88, 89, 90, 91, 92, 93, 94, 95, 96, 97, 98, 99, 100, 101, 102, 103, 104, 105, 106, 107, 108, 109, 110, 111, 112, 113, 114, 115, 116, 117, 118, 119, 120, 121, 122, 123, 124, 125}.
UNUSED := {126}.
module14 := {26, 27, 28, 29, 30, 31, 32, 33, 34, 35, 36, 37, 38, 39, 40, 41, 42, 43, 44, 45, 46, 47, 48, 49, 50, 51, 52, 53, 54, 55, 56, 57, 58, 59, 60, 61, 62, 63, 64, 65, 66, 67, 68, 69, 70, 71, 72, 73, 74, 75}.
typeOfR := {1 -> RackSingle, 2 -> RackSingle, 3 -> RackSingle, 4 -> RackSingle, 5 -> RackSingle}.
typeOfM := {26 -> ModuleI, 27 -> ModuleI, 28 -> ModuleI, 29 -> ModuleI, 30 -> ModuleI, 31 -> ModuleI, 32 -> ModuleI, 33 -> ModuleI, 34 -> ModuleI, 35 -> ModuleI, 36 -> ModuleI, 37 -> ModuleI, 38 -> ModuleI, 39 -> ModuleI, 40 -> ModuleI, 41 -> ModuleI, 42 -> ModuleI, 43 -> ModuleI, 44 -> ModuleI, 45 -> ModuleI, 46 -> ModuleI, 47 -> ModuleI, 48 -> ModuleI, 49 -> ModuleI, 50 -> ModuleI, 51 -> ModuleI, 52 -> ModuleI, 53 -> ModuleI, 54 -> ModuleI, 55 -> ModuleI, 56 -> ModuleI, 57 -> ModuleI, 58 -> ModuleI, 59 -> ModuleI, 60 -> ModuleI, 61 -> ModuleI, 62 -> ModuleI, 63 -> ModuleI, 64 -> ModuleI, 65 -> ModuleI, 66 -> ModuleI, 67 -> ModuleI, 68 -> ModuleI, 69 -> ModuleI, 70 -> ModuleI, 71 -> ModuleI, 72 -> ModuleI, 73 -> ModuleI, 74 -> ModuleI, 75 -> ModuleI}.
typeOfE := {76 -> ElementA, 77 -> ElementA, 78 -> ElementA, 79 -> ElementA, 80 -> ElementA, 81 -> ElementA, 82 -> ElementA, 83 -> ElementA, 84 -> ElementA, 85 -> ElementA, 86 -> ElementA, 87 -> ElementA, 88 -> ElementA, 89 -> ElementA, 90 -> ElementA, 91 -> ElementA, 92 -> ElementA, 93 -> ElementA, 94 -> ElementA, 95 -> ElementA, 96 -> ElementA, 97 -> ElementA, 98 -> ElementA, 99 -> ElementA, 100 -> ElementA, 101 -> ElementA, 102 -> ElementA, 103 -> ElementA, 104 -> ElementA, 105 -> ElementA, 106 -> ElementA, 107 -> ElementA, 108 -> ElementA, 109 -> ElementA, 110 -> ElementA, 111 -> ElementA, 112 -> ElementA, 113 -> ElementA, 114 -> ElementA, 115 -> ElementA, 116 -> ElementA, 117 -> ElementA, 118 -> ElementA, 119 -> ElementA, 120 -> ElementA, 121 -> ElementA, 122 -> ElementA, 123 -> ElementA, 124 -> ElementA, 125 -> ElementA}.
rackOfF := {6 -> 1, 7 -> 2, 8 -> 3, 9 -> 4, 10 -> 5, 11 -> 1, 12 -> 2, 13 -> 3, 14 -> 4, 15 -> 5, 16 -> 1, 17 -> 2, 18 -> 3, 19 -> 4, 20 -> 5, 21 -> 1, 22 -> 2, 23 -> 3, 24 -> 4, 25 -> 5}.
frameOfM := {26 -> 16, 27 -> 17, 28 -> 18, 29 -> 19, 30 -> 20, 31 -> 21, 32 -> 22, 33 -> 23, 34 -> 24, 35 -> 25, 36 -> 16, 37 -> 17, 38 -> 18, 39 -> 19, 40 -> 20, 41 -> 21, 42 -> 22, 43 -> 23, 44 -> 24, 45 -> 25, 46 -> 16, 47 -> 17, 48 -> 18, 49 -> 19, 50 -> 20, 51 -> 21, 52 -> 22, 53 -> 23, 54 -> 24, 55 -> 25, 56 -> 16, 57 -> 17, 58 -> 18, 59 -> 19, 60 -> 20, 61 -> 21, 62 -> 22, 63 -> 23, 64 -> 24, 65 -> 25, 66 -> 16, 67 -> 17, 68 -> 18, 69 -> 19, 70 -> 20, 71 -> 21, 72 -> 22, 73 -> 23, 74 -> 24, 75 -> 25}.
elementOfM := {26 -> 76, 27 -> 77, 28 -> 78, 29 -> 79, 30 -> 80, 31 -> 81, 32 -> 82, 33 -> 83, 34 -> 84, 35 -> 85, 36 -> 86, 37 -> 87, 38 -> 88, 39 -> 89, 40 -> 90, 41 -> 91, 42 -> 92, 43 -> 93, 44 -> 94, 45 -> 95, 46 -> 96, 47 -> 97, 48 -> 98, 49 -> 99, 50 -> 100, 51 -> 101, 52 -> 102, 53 -> 103, 54 -> 104, 55 -> 105, 56 -> 106, 57 -> 107, 58 -> 108, 59 -> 109, 60 -> 110, 61 -> 111, 62 -> 112, 63 -> 113, 64 -> 114, 65 -> 115, 66 -> 116, 67 -> 117, 68 -> 118, 69 -> 119, 70 -> 120, 71 -> 121, 72 -> 122, 73 -> 123, 74 -> 124, 75 -> 125}.
typeConfigObject := {1 -> Rack__, 2 -> Rack__, 3 -> Rack__, 4 -> Rack__, 5 -> Rack__, 6 -> Frame__, 7 -> Frame__, 8 -> Frame__, 9 -> Frame__, 10 -> Frame__, 11 -> Frame__, 12 -> Frame__, 13 -> Frame__, 14 -> Frame__, 15 -> Frame__, 16 -> Frame__, 17 -> Frame__, 18 -> Frame__, 19 -> Frame__, 20 -> Frame__, 21 -> Frame__, 22 -> Frame__, 23 -> Frame__, 24 -> Frame__, 25 -> Frame__, 26 -> Module__, 27 -> Module__, 28 -> Module__, 29 -> Module__, 30 -> Module__, 31 -> Module__, 32 -> Module__, 33 -> Module__, 34 -> Module__, 35 -> Module__, 36 -> Module__, 37 -> Module__, 38 -> Module__, 39 -> Module__, 40 -> Module__, 41 -> Module__, 42 -> Module__, 43 -> Module__, 44 -> Module__, 45 -> Module__, 46 -> Module__, 47 -> Module__, 48 -> Module__, 49 -> Module__, 50 -> Module__, 51 -> Module__, 52 -> Module__, 53 -> Module__, 54 -> Module__, 55 -> Module__, 56 -> Module__, 57 -> Module__, 58 -> Module__, 59 -> Module__, 60 -> Module__, 61 -> Module__, 62 -> Module__, 63 -> Module__, 64 -> Module__, 65 -> Module__, 66 -> Module__, 67 -> Module__, 68 -> Module__, 69 -> Module__, 70 -> Module__, 71 -> Module__, 72 -> Module__, 73 -> Module__, 74 -> Module__, 75 -> Module__, 76 -> Element__, 77 -> Element__, 78 -> Element__, 79 -> Element__, 80 -> Element__, 81 -> Element__, 82 -> Element__, 83 -> Element__, 84 -> Element__, 85 -> Element__, 86 -> Element__, 87 -> Element__, 88 -> Element__, 89 -> Element__, 90 -> Element__, 91 -> Element__, 92 -> Element__, 93 -> Element__, 94 -> Element__, 95 -> Element__, 96 -> Element__, 97 -> Element__, 98 -> Element__, 99 -> Element__, 100 -> Element__, 101 -> Element__, 102 -> Element__, 103 -> Element__, 104 -> Element__, 105 -> Element__, 106 -> Element__, 107 -> Element__, 108 -> Element__, 109 -> Element__, 110 -> Element__, 111 -> Element__, 112 -> Element__, 113 -> Element__, 114 -> Element__, 115 -> Element__, 116 -> Element__, 117 -> Element__, 118 -> Element__, 119 -> Element__, 120 -> Element__, 121 -> Element__, 122 -> Element__, 123 -> Element__, 124 -> Element__, 125 -> Element__, 126 -> UNUSED__}.
-------------------
Elapsed time: 1.3229503631591797 seconds
