Rack := {R1}.
Frame := {F1, F2}.
Module := {M1}.
Element := {E4}.
module14 := {M1}.
typeOfR := {R1 -> RackDouble}.
typeOfM := {M1 -> ModuleI}.
typeOfE := {E4 -> ElementA}.
rackOfF := {F1 -> R1, F2 -> R1}.
frameOfM := {M1 -> F2}.
elementOfM := {M1 -> E4}.
mulRack_T := {R1 -> 25}.
mulFrame_T := {F1 -> 150, F2 -> 50}.
mulModule_T := {M1 -> 50, M2 -> 0, M3 -> 0}.
mulElement_T := {E1 -> 0, E2 -> 0, E3 -> 0, E4 -> 50}.

0.848 Expansion
-------------------
Rack_T := {1, 2, 3, 4, 5, 6, 7, 8, 9, 10, 11, 12, 13, 14, 15, 16, 17, 18, 19, 20, 21, 22, 23, 24, 25}.
Frame_T := {26, 27, 28, 29, 30, 31, 32, 33, 34, 35, 36, 37, 38, 39, 40, 41, 42, 43, 44, 45, 46, 47, 48, 49, 50, 51, 52, 53, 54, 55, 56, 57, 58, 59, 60, 61, 62, 63, 64, 65, 66, 67, 68, 69, 70, 71, 72, 73, 74, 75, 76, 77, 78, 79, 80, 81, 82, 83, 84, 85, 86, 87, 88, 89, 90, 91, 92, 93, 94, 95, 96, 97, 98, 99, 100, 101, 102, 103, 104, 105, 106, 107, 108, 109, 110, 111, 112, 113, 114, 115, 116, 117, 118, 119, 120, 121, 122, 123, 124, 125, 126, 127, 128, 129, 130, 131, 132, 133, 134, 135, 136, 137, 138, 139, 140, 141, 142, 143, 144, 145, 146, 147, 148, 149, 150, 151, 152, 153, 154, 155, 156, 157, 158, 159, 160, 161, 162, 163, 164, 165, 166, 167, 168, 169, 170, 171, 172, 173, 174, 175, 176, 177, 178, 179, 180, 181, 182, 183, 184, 185, 186, 187, 188, 189, 190, 191, 192, 193, 194, 195, 196, 197, 198, 199, 200, 201, 202, 203, 204, 205, 206, 207, 208, 209, 210, 211, 212, 213, 214, 215, 216, 217, 218, 219, 220, 221, 222, 223, 224, 225}.
Module_T := {226, 227, 228, 229, 230, 231, 232, 233, 234, 235, 236, 237, 238, 239, 240, 241, 242, 243, 244, 245, 246, 247, 248, 249, 250, 251, 252, 253, 254, 255, 256, 257, 258, 259, 260, 261, 262, 263, 264, 265, 266, 267, 268, 269, 270, 271, 272, 273, 274, 275}.
Element_T := {276, 277, 278, 279, 280, 281, 282, 283, 284, 285, 286, 287, 288, 289, 290, 291, 292, 293, 294, 295, 296, 297, 298, 299, 300, 301, 302, 303, 304, 305, 306, 307, 308, 309, 310, 311, 312, 313, 314, 315, 316, 317, 318, 319, 320, 321, 322, 323, 324, 325}.
Rack := {1, 2, 3, 4, 5, 6, 7, 8, 9, 10, 11, 12, 13, 14, 15, 16, 17, 18, 19, 20, 21, 22, 23, 24, 25}.
Frame := {26, 27, 28, 29, 30, 31, 32, 33, 34, 35, 36, 37, 38, 39, 40, 41, 42, 43, 44, 45, 46, 47, 48, 49, 50, 51, 52, 53, 54, 55, 56, 57, 58, 59, 60, 61, 62, 63, 64, 65, 66, 67, 68, 69, 70, 71, 72, 73, 74, 75, 76, 77, 78, 79, 80, 81, 82, 83, 84, 85, 86, 87, 88, 89, 90, 91, 92, 93, 94, 95, 96, 97, 98, 99, 100, 101, 102, 103, 104, 105, 106, 107, 108, 109, 110, 111, 112, 113, 114, 115, 116, 117, 118, 119, 120, 121, 122, 123, 124, 125, 126, 127, 128, 129, 130, 131, 132, 133, 134, 135, 136, 137, 138, 139, 140, 141, 142, 143, 144, 145, 146, 147, 148, 149, 150, 151, 152, 153, 154, 155, 156, 157, 158, 159, 160, 161, 162, 163, 164, 165, 166, 167, 168, 169, 170, 171, 172, 173, 174, 175, 176, 177, 178, 179, 180, 181, 182, 183, 184, 185, 186, 187, 188, 189, 190, 191, 192, 193, 194, 195, 196, 197, 198, 199, 200, 201, 202, 203, 204, 205, 206, 207, 208, 209, 210, 211, 212, 213, 214, 215, 216, 217, 218, 219, 220, 221, 222, 223, 224, 225}.
Module := {226, 227, 228, 229, 230, 231, 232, 233, 234, 235, 236, 237, 238, 239, 240, 241, 242, 243, 244, 245, 246, 247, 248, 249, 250, 251, 252, 253, 254, 255, 256, 257, 258, 259, 260, 261, 262, 263, 264, 265, 266, 267, 268, 269, 270, 271, 272, 273, 274, 275}.
Element := {276, 277, 278, 279, 280, 281, 282, 283, 284, 285, 286, 287, 288, 289, 290, 291, 292, 293, 294, 295, 296, 297, 298, 299, 300, 301, 302, 303, 304, 305, 306, 307, 308, 309, 310, 311, 312, 313, 314, 315, 316, 317, 318, 319, 320, 321, 322, 323, 324, 325}.
module14 := {226, 227, 228, 229, 230, 231, 232, 233, 234, 235, 236, 237, 238, 239, 240, 241, 242, 243, 244, 245, 246, 247, 248, 249, 250, 251, 252, 253, 254, 255, 256, 257, 258, 259, 260, 261, 262, 263, 264, 265, 266, 267, 268, 269, 270, 271, 272, 273, 274, 275}.
typeOfR := {1 -> RackDouble, 2 -> RackDouble, 3 -> RackDouble, 4 -> RackDouble, 5 -> RackDouble, 6 -> RackDouble, 7 -> RackDouble, 8 -> RackDouble, 9 -> RackDouble, 10 -> RackDouble, 11 -> RackDouble, 12 -> RackDouble, 13 -> RackDouble, 14 -> RackDouble, 15 -> RackDouble, 16 -> RackDouble, 17 -> RackDouble, 18 -> RackDouble, 19 -> RackDouble, 20 -> RackDouble, 21 -> RackDouble, 22 -> RackDouble, 23 -> RackDouble, 24 -> RackDouble, 25 -> RackDouble}.
typeOfM := {226 -> ModuleI, 227 -> ModuleI, 228 -> ModuleI, 229 -> ModuleI, 230 -> ModuleI, 231 -> ModuleI, 232 -> ModuleI, 233 -> ModuleI, 234 -> ModuleI, 235 -> ModuleI, 236 -> ModuleI, 237 -> ModuleI, 238 -> ModuleI, 239 -> ModuleI, 240 -> ModuleI, 241 -> ModuleI, 242 -> ModuleI, 243 -> ModuleI, 244 -> ModuleI, 245 -> ModuleI, 246 -> ModuleI, 247 -> ModuleI, 248 -> ModuleI, 249 -> ModuleI, 250 -> ModuleI, 251 -> ModuleI, 252 -> ModuleI, 253 -> ModuleI, 254 -> ModuleI, 255 -> ModuleI, 256 -> ModuleI, 257 -> ModuleI, 258 -> ModuleI, 259 -> ModuleI, 260 -> ModuleI, 261 -> ModuleI, 262 -> ModuleI, 263 -> ModuleI, 264 -> ModuleI, 265 -> ModuleI, 266 -> ModuleI, 267 -> ModuleI, 268 -> ModuleI, 269 -> ModuleI, 270 -> ModuleI, 271 -> ModuleI, 272 -> ModuleI, 273 -> ModuleI, 274 -> ModuleI, 275 -> ModuleI}.
typeOfE := {276 -> ElementA, 277 -> ElementA, 278 -> ElementA, 279 -> ElementA, 280 -> ElementA, 281 -> ElementA, 282 -> ElementA, 283 -> ElementA, 284 -> ElementA, 285 -> ElementA, 286 -> ElementA, 287 -> ElementA, 288 -> ElementA, 289 -> ElementA, 290 -> ElementA, 291 -> ElementA, 292 -> ElementA, 293 -> ElementA, 294 -> ElementA, 295 -> ElementA, 296 -> ElementA, 297 -> ElementA, 298 -> ElementA, 299 -> ElementA, 300 -> ElementA, 301 -> ElementA, 302 -> ElementA, 303 -> ElementA, 304 -> ElementA, 305 -> ElementA, 306 -> ElementA, 307 -> ElementA, 308 -> ElementA, 309 -> ElementA, 310 -> ElementA, 311 -> ElementA, 312 -> ElementA, 313 -> ElementA, 314 -> ElementA, 315 -> ElementA, 316 -> ElementA, 317 -> ElementA, 318 -> ElementA, 319 -> ElementA, 320 -> ElementA, 321 -> ElementA, 322 -> ElementA, 323 -> ElementA, 324 -> ElementA, 325 -> ElementA}.
rackOfF := {26 -> 1, 27 -> 2, 28 -> 3, 29 -> 4, 30 -> 5, 31 -> 6, 32 -> 7, 33 -> 8, 34 -> 9, 35 -> 10, 36 -> 11, 37 -> 12, 38 -> 13, 39 -> 14, 40 -> 15, 41 -> 16, 42 -> 17, 43 -> 18, 44 -> 19, 45 -> 20, 46 -> 21, 47 -> 22, 48 -> 23, 49 -> 24, 50 -> 25, 51 -> 1, 52 -> 2, 53 -> 3, 54 -> 4, 55 -> 5, 56 -> 6, 57 -> 7, 58 -> 8, 59 -> 9, 60 -> 10, 61 -> 11, 62 -> 12, 63 -> 13, 64 -> 14, 65 -> 15, 66 -> 16, 67 -> 17, 68 -> 18, 69 -> 19, 70 -> 20, 71 -> 21, 72 -> 22, 73 -> 23, 74 -> 24, 75 -> 25, 76 -> 1, 77 -> 2, 78 -> 3, 79 -> 4, 80 -> 5, 81 -> 6, 82 -> 7, 83 -> 8, 84 -> 9, 85 -> 10, 86 -> 11, 87 -> 12, 88 -> 13, 89 -> 14, 90 -> 15, 91 -> 16, 92 -> 17, 93 -> 18, 94 -> 19, 95 -> 20, 96 -> 21, 97 -> 22, 98 -> 23, 99 -> 24, 100 -> 25, 101 -> 1, 102 -> 2, 103 -> 3, 104 -> 4, 105 -> 5, 106 -> 6, 107 -> 7, 108 -> 8, 109 -> 9, 110 -> 10, 111 -> 11, 112 -> 12, 113 -> 13, 114 -> 14, 115 -> 15, 116 -> 16, 117 -> 17, 118 -> 18, 119 -> 19, 120 -> 20, 121 -> 21, 122 -> 22, 123 -> 23, 124 -> 24, 125 -> 25, 126 -> 1, 127 -> 2, 128 -> 3, 129 -> 4, 130 -> 5, 131 -> 6, 132 -> 7, 133 -> 8, 134 -> 9, 135 -> 10, 136 -> 11, 137 -> 12, 138 -> 13, 139 -> 14, 140 -> 15, 141 -> 16, 142 -> 17, 143 -> 18, 144 -> 19, 145 -> 20, 146 -> 21, 147 -> 22, 148 -> 23, 149 -> 24, 150 -> 25, 151 -> 1, 152 -> 2, 153 -> 3, 154 -> 4, 155 -> 5, 156 -> 6, 157 -> 7, 158 -> 8, 159 -> 9, 160 -> 10, 161 -> 11, 162 -> 12, 163 -> 13, 164 -> 14, 165 -> 15, 166 -> 16, 167 -> 17, 168 -> 18, 169 -> 19, 170 -> 20, 171 -> 21, 172 -> 22, 173 -> 23, 174 -> 24, 175 -> 25, 176 -> 1, 177 -> 2, 178 -> 3, 179 -> 4, 180 -> 5, 181 -> 6, 182 -> 7, 183 -> 8, 184 -> 9, 185 -> 10, 186 -> 11, 187 -> 12, 188 -> 13, 189 -> 14, 190 -> 15, 191 -> 16, 192 -> 17, 193 -> 18, 194 -> 19, 195 -> 20, 196 -> 21, 197 -> 22, 198 -> 23, 199 -> 24, 200 -> 25, 201 -> 1, 202 -> 2, 203 -> 3, 204 -> 4, 205 -> 5, 206 -> 6, 207 -> 7, 208 -> 8, 209 -> 9, 210 -> 10, 211 -> 11, 212 -> 12, 213 -> 13, 214 -> 14, 215 -> 15, 216 -> 16, 217 -> 17, 218 -> 18, 219 -> 19, 220 -> 20, 221 -> 21, 222 -> 22, 223 -> 23, 224 -> 24, 225 -> 25}.
frameOfM := {226 -> 176, 227 -> 177, 228 -> 178, 229 -> 179, 230 -> 180, 231 -> 181, 232 -> 182, 233 -> 183, 234 -> 184, 235 -> 185, 236 -> 186, 237 -> 187, 238 -> 188, 239 -> 189, 240 -> 190, 241 -> 191, 242 -> 192, 243 -> 193, 244 -> 194, 245 -> 195, 246 -> 196, 247 -> 197, 248 -> 198, 249 -> 199, 250 -> 200, 251 -> 201, 252 -> 202, 253 -> 203, 254 -> 204, 255 -> 205, 256 -> 206, 257 -> 207, 258 -> 208, 259 -> 209, 260 -> 210, 261 -> 211, 262 -> 212, 263 -> 213, 264 -> 214, 265 -> 215, 266 -> 216, 267 -> 217, 268 -> 218, 269 -> 219, 270 -> 220, 271 -> 221, 272 -> 222, 273 -> 223, 274 -> 224, 275 -> 225}.
elementOfM := {226 -> 276, 227 -> 277, 228 -> 278, 229 -> 279, 230 -> 280, 231 -> 281, 232 -> 282, 233 -> 283, 234 -> 284, 235 -> 285, 236 -> 286, 237 -> 287, 238 -> 288, 239 -> 289, 240 -> 290, 241 -> 291, 242 -> 292, 243 -> 293, 244 -> 294, 245 -> 295, 246 -> 296, 247 -> 297, 248 -> 298, 249 -> 299, 250 -> 300, 251 -> 301, 252 -> 302, 253 -> 303, 254 -> 304, 255 -> 305, 256 -> 306, 257 -> 307, 258 -> 308, 259 -> 309, 260 -> 310, 261 -> 311, 262 -> 312, 263 -> 313, 264 -> 314, 265 -> 315, 266 -> 316, 267 -> 317, 268 -> 318, 269 -> 319, 270 -> 320, 271 -> 321, 272 -> 322, 273 -> 323, 274 -> 324, 275 -> 325}.
-------------------
Elapsed time: 0.9630329608917236 seconds
