Thing := {T1, T2, T3, T4}.
Cabinet := {C1, C3}.
Room := {R1, R2}.
ownerOfT := {T1 -> P1, T2 -> P1, T3 -> P2, T4 -> P1}.
cabinetOfT := {T1 -> C1, T2 -> C1, T3 -> C3, T4 -> C1}.
roomOfC := {C1 -> R2, C3 -> R1}.
ownerOfR := {R1 -> P2, R2 -> P1}.
highC := {C1, C3}.
longT := {T2, T3}.
mulThing_T := {T1 -> 1, T2 -> 1, T3 -> 1, T4 -> 3}.
mulCabinet_T := {C1 -> 1, C2 -> 0, C3 -> 1}.
mulRoom_T := {R1 -> 1, R2 -> 1}.

0.292 Expansion
-------------------
Thing_T := {1, 2, 3, 4, 5, 6}.
Cabinet_T := {7, 8}.
Room_T := {9, 10}.
Thing := {1, 2, 3, 4, 5, 6}.
Cabinet := {7, 8}.
Room := {9, 10}.
ownerOfT := {1 -> P1, 2 -> P1, 3 -> P2, 4 -> P1, 5 -> P1, 6 -> P1}.
cabinetOfT := {1 -> 7, 2 -> 7, 3 -> 8, 4 -> 7, 5 -> 7, 6 -> 7}.
roomOfC := {7 -> 10, 8 -> 9}.
ownerOfR := {9 -> P2, 10 -> P1}.
highC := {7, 8}.
longT := {2, 3}.
-------------------
Elapsed time: 0.3694190979003906 seconds
