Thing := {T1, T2, T3, T4, T5, T6}.
Cabinet := {C1, C2}.
Room := {R1, R2}.
ownerOfT := {T1 -> P2, T2 -> P1, T3 -> P1, T4 -> P1, T5 -> P1, T6 -> P1}.
cabinetOfT := {T1 -> C1, T2 -> C2, T3 -> C2, T4 -> C2, T5 -> C2, T6 -> C2}.
roomOfC := {C1 -> R1, C2 -> R2}.
ownerOfR := {R1 -> P2, R2 -> P1}.
highC := {C1, C2}.
longT := {T1, T6}.

0.34 Expansion
-------------------
Thing_T := {}.
Cabinet_T := {}.
Room_T := {}.
Thing := {T1, T2, T3, T4, T5, T6}.
Cabinet := {C1, C2}.
Room := {R1, R2}.
ownerOfT := {T1 -> P2, T2 -> P1, T3 -> P1, T4 -> P1, T5 -> P1, T6 -> P1}.
cabinetOfT := {T1 -> C1, T2 -> C2, T3 -> C2, T4 -> C2, T5 -> C2, T6 -> C2}.
roomOfC := {C1 -> R1, C2 -> R2}.
ownerOfR := {R1 -> P2, R2 -> P1}.
highC := {C1, C2}.
longT := {T1, T6}.
-------------------
Elapsed time: 0.3769419193267822 seconds
