Thing := {T1, T2, T3, T4, T5, T6}.
Cabinet := {C1, C3}.
Room := {R1, R2}.
ownerOfT := {T1 -> P1, T2 -> P1, T3 -> P1, T4 -> P2, T5 -> P1, T6 -> P1}.
cabinetOfT := {T1 -> C1, T2 -> C1, T3 -> C1, T4 -> C3, T5 -> C1, T6 -> C1}.
roomOfC := {C1 -> R2, C3 -> R1}.
ownerOfR := {R1 -> P2, R2 -> P1}.
highC := {C1, C3}.
longT := {T4, T6}.

0.295 Expansion
-------------------
Thing_T := {}.
Cabinet_T := {}.
Room_T := {}.
Thing := {T1, T2, T3, T4, T5, T6}.
Cabinet := {C1, C3}.
Room := {R1, R2}.
ownerOfT := {T1 -> P1, T2 -> P1, T3 -> P1, T4 -> P2, T5 -> P1, T6 -> P1}.
cabinetOfT := {T1 -> C1, T2 -> C1, T3 -> C1, T4 -> C3, T5 -> C1, T6 -> C1}.
roomOfC := {C1 -> R2, C3 -> R1}.
ownerOfR := {R1 -> P2, R2 -> P1}.
highC := {C1, C3}.
longT := {T4, T6}.
-------------------
Elapsed time: 0.3333892822265625 seconds
