Rack := {R1}.
Frame := {F1, F2, F3, F4}.
Module := {M1, M2, M3, M4, M5}.
Element := {E2, E4, E7, E8}.
module14 := {M1, M2, M3, M5}.
typeOfR := {R1 -> RackDouble}.
typeOfM := {M1 -> ModuleI, M2 -> ModuleIV, M3 -> ModuleIII, M4 -> ModuleV, M5 -> ModuleII}.
typeOfE := {E2 -> ElementA, E4 -> ElementB, E7 -> ElementD, E8 -> ElementC}.
rackOfF := {F1 -> R1, F2 -> R1, F3 -> R1, F4 -> R1}.
frameOfM := {M1 -> F2, M2 -> F2, M3 -> F3, M4 -> F1, M5 -> F1}.
elementOfM := {M1 -> E2, M2 -> E7, M3 -> E8, M5 -> E4}.
frameOfE := {E2 -> F2, E4 -> F1, E7 -> F2, E8 -> F3}.
mulRack_T := {R1 -> 5}.
mulFrame_T := {F1 -> 5, F2 -> 5, F3 -> 5, F4 -> 25, F5 -> 0}.
mulModule_T := {M1 -> 5, M2 -> 20, M3 -> 15, M4 -> 5, M5 -> 10}.
mulElement_T := {E1 -> 0, E2 -> 5, E3 -> 0, E4 -> 5, E5 -> 0, E6 -> 0, E7 -> 5, E8 -> 5}.

5.767 Expansion
-------------------
Rack_T := {1, 2, 3, 4, 5}.
Frame_T := {6, 7, 8, 9, 10, 11, 12, 13, 14, 15, 16, 17, 18, 19, 20, 21, 22, 23, 24, 25, 26, 27, 28, 29, 30, 31, 32, 33, 34, 35, 36, 37, 38, 39, 40, 41, 42, 43, 44, 45}.
Module_T := {46, 47, 48, 49, 50, 51, 52, 53, 54, 55, 56, 57, 58, 59, 60, 61, 62, 63, 64, 65, 66, 67, 68, 69, 70, 71, 72, 73, 74, 75, 76, 77, 78, 79, 80, 81, 82, 83, 84, 85, 86, 87, 88, 89, 90, 91, 92, 93, 94, 95, 96, 97, 98, 99, 100}.
Element_T := {101, 102, 103, 104, 105, 106, 107, 108, 109, 110, 111, 112, 113, 114, 115, 116, 117, 118, 119, 120}.
Rack := {1, 2, 3, 4, 5}.
Frame := {6, 7, 8, 9, 10, 11, 12, 13, 14, 15, 16, 17, 18, 19, 20, 21, 22, 23, 24, 25, 26, 27, 28, 29, 30, 31, 32, 33, 34, 35, 36, 37, 38, 39, 40, 41, 42, 43, 44, 45}.
Module := {46, 47, 48, 49, 50, 51, 52, 53, 54, 55, 56, 57, 58, 59, 60, 61, 62, 63, 64, 65, 66, 67, 68, 69, 70, 71, 72, 73, 74, 75, 76, 77, 78, 79, 80, 81, 82, 83, 84, 85, 86, 87, 88, 89, 90, 91, 92, 93, 94, 95, 96, 97, 98, 99, 100}.
Element := {101, 102, 103, 104, 105, 106, 107, 108, 109, 110, 111, 112, 113, 114, 115, 116, 117, 118, 119, 120}.
module14 := {46, 47, 48, 49, 50, 51, 52, 53, 54, 55, 56, 57, 58, 59, 60, 61, 62, 63, 64, 65, 66, 67, 68, 69, 70, 71, 72, 73, 74, 75, 76, 77, 78, 79, 80, 81, 82, 83, 84, 85, 91, 92, 93, 94, 95, 96, 97, 98, 99, 100}.
typeOfR := {1 -> RackDouble, 2 -> RackDouble, 3 -> RackDouble, 4 -> RackDouble, 5 -> RackDouble}.
typeOfM := {46 -> ModuleI, 47 -> ModuleI, 48 -> ModuleI, 49 -> ModuleI, 50 -> ModuleI, 51 -> ModuleIV, 52 -> ModuleIV, 53 -> ModuleIV, 54 -> ModuleIV, 55 -> ModuleIV, 56 -> ModuleIV, 57 -> ModuleIV, 58 -> ModuleIV, 59 -> ModuleIV, 60 -> ModuleIV, 61 -> ModuleIV, 62 -> ModuleIV, 63 -> ModuleIV, 64 -> ModuleIV, 65 -> ModuleIV, 66 -> ModuleIV, 67 -> ModuleIV, 68 -> ModuleIV, 69 -> ModuleIV, 70 -> ModuleIV, 71 -> ModuleIII, 72 -> ModuleIII, 73 -> ModuleIII, 74 -> ModuleIII, 75 -> ModuleIII, 76 -> ModuleIII, 77 -> ModuleIII, 78 -> ModuleIII, 79 -> ModuleIII, 80 -> ModuleIII, 81 -> ModuleIII, 82 -> ModuleIII, 83 -> ModuleIII, 84 -> ModuleIII, 85 -> ModuleIII, 86 -> ModuleV, 87 -> ModuleV, 88 -> ModuleV, 89 -> ModuleV, 90 -> ModuleV, 91 -> ModuleII, 92 -> ModuleII, 93 -> ModuleII, 94 -> ModuleII, 95 -> ModuleII, 96 -> ModuleII, 97 -> ModuleII, 98 -> ModuleII, 99 -> ModuleII, 100 -> ModuleII}.
typeOfE := {101 -> ElementA, 102 -> ElementA, 103 -> ElementA, 104 -> ElementA, 105 -> ElementA, 106 -> ElementB, 107 -> ElementB, 108 -> ElementB, 109 -> ElementB, 110 -> ElementB, 111 -> ElementD, 112 -> ElementD, 113 -> ElementD, 114 -> ElementD, 115 -> ElementD, 116 -> ElementC, 117 -> ElementC, 118 -> ElementC, 119 -> ElementC, 120 -> ElementC}.
rackOfF := {6 -> 1, 7 -> 2, 8 -> 3, 9 -> 4, 10 -> 5, 11 -> 1, 12 -> 2, 13 -> 3, 14 -> 4, 15 -> 5, 16 -> 1, 17 -> 2, 18 -> 3, 19 -> 4, 20 -> 5, 21 -> 1, 22 -> 2, 23 -> 3, 24 -> 4, 25 -> 5, 26 -> 1, 27 -> 2, 28 -> 3, 29 -> 4, 30 -> 5, 31 -> 1, 32 -> 2, 33 -> 3, 34 -> 4, 35 -> 5, 36 -> 1, 37 -> 2, 38 -> 3, 39 -> 4, 40 -> 5, 41 -> 1, 42 -> 2, 43 -> 3, 44 -> 4, 45 -> 5}.
frameOfM := {46 -> 11, 47 -> 12, 48 -> 13, 49 -> 14, 50 -> 15, 51 -> 11, 52 -> 12, 53 -> 13, 54 -> 14, 55 -> 15, 56 -> 11, 57 -> 12, 58 -> 13, 59 -> 14, 60 -> 15, 61 -> 11, 62 -> 12, 63 -> 13, 64 -> 14, 65 -> 15, 66 -> 11, 67 -> 12, 68 -> 13, 69 -> 14, 70 -> 15, 71 -> 16, 72 -> 17, 73 -> 18, 74 -> 19, 75 -> 20, 76 -> 16, 77 -> 17, 78 -> 18, 79 -> 19, 80 -> 20, 81 -> 16, 82 -> 17, 83 -> 18, 84 -> 19, 85 -> 20, 86 -> 6, 87 -> 7, 88 -> 8, 89 -> 9, 90 -> 10, 91 -> 6, 92 -> 7, 93 -> 8, 94 -> 9, 95 -> 10, 96 -> 6, 97 -> 7, 98 -> 8, 99 -> 9, 100 -> 10}.
elementOfM := {46 -> 101, 47 -> 102, 48 -> 103, 49 -> 104, 50 -> 105, 51 -> 111, 52 -> 112, 53 -> 113, 54 -> 114, 55 -> 115, 56 -> 111, 57 -> 112, 58 -> 113, 59 -> 114, 60 -> 115, 61 -> 111, 62 -> 112, 63 -> 113, 64 -> 114, 65 -> 115, 66 -> 111, 67 -> 112, 68 -> 113, 69 -> 114, 70 -> 115, 71 -> 116, 72 -> 117, 73 -> 118, 74 -> 119, 75 -> 120, 76 -> 116, 77 -> 117, 78 -> 118, 79 -> 119, 80 -> 120, 81 -> 116, 82 -> 117, 83 -> 118, 84 -> 119, 85 -> 120, 91 -> 106, 92 -> 107, 93 -> 108, 94 -> 109, 95 -> 110, 96 -> 106, 97 -> 107, 98 -> 108, 99 -> 109, 100 -> 110}.
frameOfE := {101 -> 11, 102 -> 12, 103 -> 13, 104 -> 14, 105 -> 15, 106 -> 6, 107 -> 7, 108 -> 8, 109 -> 9, 110 -> 10, 111 -> 11, 112 -> 12, 113 -> 13, 114 -> 14, 115 -> 15, 116 -> 16, 117 -> 17, 118 -> 18, 119 -> 19, 120 -> 20}.
-------------------
Elapsed time: 5.887311220169067 seconds
