Rack := {R1}.
Frame := {F1, F2, F3}.
Module := {M1, M2, M3, M4, M5}.
Element := {E1, E2, E4, E5}.
module14 := {M1, M2, M3, M4}.
typeOfR := {R1 -> RackDouble}.
typeOfM := {M1 -> ModuleIV, M2 -> ModuleIII, M3 -> ModuleII, M4 -> ModuleI, M5 -> ModuleV}.
typeOfE := {E1 -> ElementD, E2 -> ElementA, E4 -> ElementC, E5 -> ElementB}.
rackOfF := {F1 -> R1, F2 -> R1, F3 -> R1}.
frameOfM := {M1 -> F1, M2 -> F3, M3 -> F2, M4 -> F2, M5 -> F2}.
elementOfM := {M1 -> E1, M2 -> E4, M3 -> E5, M4 -> E2}.
mulRack_T := {R1 -> 3}.
mulFrame_T := {F1 -> 12, F2 -> 3, F3 -> 9}.
mulModule_T := {M1 -> 12, M2 -> 9, M3 -> 6, M4 -> 3, M5 -> 3}.
mulElement_T := {E1 -> 3, E2 -> 3, E3 -> 0, E4 -> 3, E5 -> 3, E6 -> 0, E7 -> 0}.

2.416 Expansion
-------------------
Rack_T := {1, 2, 3}.
Frame_T := {4, 5, 6, 7, 8, 9, 10, 11, 12, 13, 14, 15, 16, 17, 18, 19, 20, 21, 22, 23, 24, 25, 26, 27}.
Module_T := {28, 29, 30, 31, 32, 33, 34, 35, 36, 37, 38, 39, 40, 41, 42, 43, 44, 45, 46, 47, 48, 49, 50, 51, 52, 53, 54, 55, 56, 57, 58, 59, 60}.
Element_T := {61, 62, 63, 64, 65, 66, 67, 68, 69, 70, 71, 72}.
Rack := {1, 2, 3}.
Frame := {4, 5, 6, 7, 8, 9, 10, 11, 12, 13, 14, 15, 16, 17, 18, 19, 20, 21, 22, 23, 24, 25, 26, 27}.
Module := {28, 29, 30, 31, 32, 33, 34, 35, 36, 37, 38, 39, 40, 41, 42, 43, 44, 45, 46, 47, 48, 49, 50, 51, 52, 53, 54, 55, 56, 57, 58, 59, 60}.
Element := {61, 62, 63, 64, 65, 66, 67, 68, 69, 70, 71, 72}.
module14 := {28, 29, 30, 31, 32, 33, 34, 35, 36, 37, 38, 39, 40, 41, 42, 43, 44, 45, 46, 47, 48, 49, 50, 51, 52, 53, 54, 55, 56, 57}.
typeOfR := {1 -> RackDouble, 2 -> RackDouble, 3 -> RackDouble}.
typeOfM := {28 -> ModuleIV, 29 -> ModuleIV, 30 -> ModuleIV, 31 -> ModuleIV, 32 -> ModuleIV, 33 -> ModuleIV, 34 -> ModuleIV, 35 -> ModuleIV, 36 -> ModuleIV, 37 -> ModuleIV, 38 -> ModuleIV, 39 -> ModuleIV, 40 -> ModuleIII, 41 -> ModuleIII, 42 -> ModuleIII, 43 -> ModuleIII, 44 -> ModuleIII, 45 -> ModuleIII, 46 -> ModuleIII, 47 -> ModuleIII, 48 -> ModuleIII, 49 -> ModuleII, 50 -> ModuleII, 51 -> ModuleII, 52 -> ModuleII, 53 -> ModuleII, 54 -> ModuleII, 55 -> ModuleI, 56 -> ModuleI, 57 -> ModuleI, 58 -> ModuleV, 59 -> ModuleV, 60 -> ModuleV}.
typeOfE := {61 -> ElementD, 62 -> ElementD, 63 -> ElementD, 64 -> ElementA, 65 -> ElementA, 66 -> ElementA, 67 -> ElementC, 68 -> ElementC, 69 -> ElementC, 70 -> ElementB, 71 -> ElementB, 72 -> ElementB}.
rackOfF := {4 -> 1, 5 -> 2, 6 -> 3, 7 -> 1, 8 -> 2, 9 -> 3, 10 -> 1, 11 -> 2, 12 -> 3, 13 -> 1, 14 -> 2, 15 -> 3, 16 -> 1, 17 -> 2, 18 -> 3, 19 -> 1, 20 -> 2, 21 -> 3, 22 -> 1, 23 -> 2, 24 -> 3, 25 -> 1, 26 -> 2, 27 -> 3}.
frameOfM := {28 -> 4, 29 -> 5, 30 -> 6, 31 -> 7, 32 -> 8, 33 -> 9, 34 -> 10, 35 -> 11, 36 -> 12, 37 -> 13, 38 -> 14, 39 -> 15, 40 -> 19, 41 -> 20, 42 -> 21, 43 -> 22, 44 -> 23, 45 -> 24, 46 -> 25, 47 -> 26, 48 -> 27, 49 -> 16, 50 -> 17, 51 -> 18, 52 -> 16, 53 -> 17, 54 -> 18, 55 -> 16, 56 -> 17, 57 -> 18, 58 -> 16, 59 -> 17, 60 -> 18}.
elementOfM := {28 -> 61, 29 -> 62, 30 -> 63, 31 -> 61, 32 -> 62, 33 -> 63, 34 -> 61, 35 -> 62, 36 -> 63, 37 -> 61, 38 -> 62, 39 -> 63, 40 -> 67, 41 -> 68, 42 -> 69, 43 -> 67, 44 -> 68, 45 -> 69, 46 -> 67, 47 -> 68, 48 -> 69, 49 -> 70, 50 -> 71, 51 -> 72, 52 -> 70, 53 -> 71, 54 -> 72, 55 -> 64, 56 -> 65, 57 -> 66}.
-------------------
Elapsed time: 2.522874593734741 seconds
