Rack := {1}.
Frame := {2, 3}.
Module := {4}.
Element := {5}.
module14 := {4}.
typeOfR := {1 -> RackDouble}.
typeOfM := {4 -> ModuleI}.
typeOfE := {5 -> ElementA}.
rackOfF := {2 -> 1, 3 -> 1}.
frameOfM := {4 -> 2}.
elementOfM := {4 -> 5}.
maxRack := 2.
maxFrame := 4.
maxModule := 5.
maxElement := 6.
mulConfigObject := {1 -> 1, 2 -> 1, 3 -> 7, 4 -> 5, 5 -> 5}.
typeConfigObject := {1 -> Rack__, 2 -> Frame__, 3 -> Frame__, 4 -> Module__, 5 -> Element__}.

1.017 Expansion
-------------------
ConfigObject := {1, 2, 3, 4, 5, 6, 7, 8, 9, 10, 11, 12, 13, 14, 15, 16, 17, 18, 19}.
Rack := {1}.
Frame := {2, 3, 4, 5, 6, 7, 8, 9}.
Module := {10, 11, 12, 13, 14}.
Element := {15, 16, 17, 18, 19}.
module14 := {10, 11, 12, 13, 14}.
typeOfR := {1 -> RackDouble}.
typeOfM := {10 -> ModuleI, 11 -> ModuleI, 12 -> ModuleI, 13 -> ModuleI, 14 -> ModuleI}.
typeOfE := {15 -> ElementA, 16 -> ElementA, 17 -> ElementA, 18 -> ElementA, 19 -> ElementA}.
rackOfF := {2 -> 1, 3 -> 1, 4 -> 1, 5 -> 1, 6 -> 1, 7 -> 1, 8 -> 1, 9 -> 1}.
frameOfM := {10 -> 2, 11 -> 2, 12 -> 2, 13 -> 2, 14 -> 2}.
elementOfM := {10 -> 15, 11 -> 16, 12 -> 17, 13 -> 18, 14 -> 19}.
typeConfigObject := {1 -> Rack__, 2 -> Frame__, 3 -> Frame__, 4 -> Frame__, 5 -> Frame__, 6 -> Frame__, 7 -> Frame__, 8 -> Frame__, 9 -> Frame__, 10 -> Module__, 11 -> Module__, 12 -> Module__, 13 -> Module__, 14 -> Module__, 15 -> Element__, 16 -> Element__, 17 -> Element__, 18 -> Element__, 19 -> Element__}.
-------------------
Elapsed time: 1.1349363327026367 seconds
