Rack := {1}.
Frame := {2, 3}.
Module := {4}.
Element := {5}.
UNUSED := {6}.
module14 := {4}.
typeOfR := {1 -> RackSingle}.
typeOfM := {4 -> ModuleI}.
typeOfE := {5 -> ElementA}.
rackOfF := {2 -> 1, 3 -> 1}.
frameOfM := {4 -> 3}.
elementOfM := {4 -> 5}.
maxRack := 2.
maxFrame := 4.
maxModule := 5.
maxElement := 6.
maxUNUSED := 7.
mulConfigObject := {1 -> 1, 2 -> 3, 3 -> 1, 4 -> 5, 5 -> 5, 6 -> 1}.
typeConfigObject := {1 -> Rack__, 2 -> Frame__, 3 -> Frame__, 4 -> Module__, 5 -> Element__, 6 -> UNUSED__}.

1.215 Expansion
-------------------
ConfigObject := {1, 2, 3, 4, 5, 6, 7, 8, 9, 10, 11, 12, 13, 14, 15, 16}.
Rack := {1}.
Frame := {2, 3, 4, 5}.
Module := {6, 7, 8, 9, 10}.
Element := {11, 12, 13, 14, 15}.
UNUSED := {16}.
module14 := {6, 7, 8, 9, 10}.
typeOfR := {1 -> RackSingle}.
typeOfM := {6 -> ModuleI, 7 -> ModuleI, 8 -> ModuleI, 9 -> ModuleI, 10 -> ModuleI}.
typeOfE := {11 -> ElementA, 12 -> ElementA, 13 -> ElementA, 14 -> ElementA, 15 -> ElementA}.
rackOfF := {2 -> 1, 3 -> 1, 4 -> 1, 5 -> 1}.
frameOfM := {6 -> 5, 7 -> 5, 8 -> 5, 9 -> 5, 10 -> 5}.
elementOfM := {6 -> 11, 7 -> 12, 8 -> 13, 9 -> 14, 10 -> 15}.
typeConfigObject := {1 -> Rack__, 2 -> Frame__, 3 -> Frame__, 4 -> Frame__, 5 -> Frame__, 6 -> Module__, 7 -> Module__, 8 -> Module__, 9 -> Module__, 10 -> Module__, 11 -> Element__, 12 -> Element__, 13 -> Element__, 14 -> Element__, 15 -> Element__, 16 -> UNUSED__}.
-------------------
Elapsed time: 1.3438334465026855 seconds
