Rack := {1}.
Frame := {2, 3, 4, 5}.
Module := {6, 7, 8, 9, 10, 11}.
Element := {12, 13, 14, 15, 16}.
UNUSED := {17, 18, 19}.
module14 := {6, 7, 8, 9, 10, 11}.
typeOfR := {1 -> RackSingle}.
typeOfM := {6 -> ModuleI, 7 -> ModuleIII, 8 -> ModuleI, 9 -> ModuleI, 10 -> ModuleI, 11 -> ModuleI}.
typeOfE := {12 -> ElementA, 13 -> ElementA, 14 -> ElementA, 15 -> ElementA, 16 -> ElementA}.
rackOfF := {2 -> 1, 3 -> 1, 4 -> 1, 5 -> 1}.
frameOfM := {6 -> 2, 7 -> 2, 8 -> 4, 9 -> 4, 10 -> 2, 11 -> 5}.
elementOfM := {6 -> 15, 7 -> 13, 8 -> 14, 9 -> 16, 10 -> 13, 11 -> 12}.
maxRack := 2.
maxFrame := 6.
maxModule := 12.
maxElement := 17.
maxUNUSED := 20.
typeConfigObject := {1 -> Rack__, 2 -> Frame__, 3 -> Frame__, 4 -> Frame__, 5 -> Frame__, 6 -> Module__, 7 -> Module__, 8 -> Module__, 9 -> Module__, 10 -> Module__, 11 -> Module__, 12 -> Element__, 13 -> Element__, 14 -> Element__, 15 -> Element__, 16 -> Element__, 17 -> UNUSED__, 18 -> UNUSED__, 19 -> UNUSED__}.

8.085 Expansion
-------------------
ConfigObject := {}.
Rack := {1}.
Frame := {2, 3, 4, 5}.
Module := {6, 7, 8, 9, 10, 11}.
Element := {12, 13, 14, 15, 16}.
UNUSED := {17, 18, 19}.
module14 := {6, 7, 8, 9, 10, 11}.
typeOfR := {1 -> RackSingle}.
typeOfM := {6 -> ModuleI, 7 -> ModuleIII, 8 -> ModuleI, 9 -> ModuleI, 10 -> ModuleI, 11 -> ModuleI}.
typeOfE := {12 -> ElementA, 13 -> ElementA, 14 -> ElementA, 15 -> ElementA, 16 -> ElementA}.
rackOfF := {2 -> 1, 3 -> 1, 4 -> 1, 5 -> 1}.
frameOfM := {6 -> 2, 7 -> 2, 8 -> 4, 9 -> 4, 10 -> 2, 11 -> 5}.
elementOfM := {6 -> 15, 7 -> 13, 8 -> 14, 9 -> 16, 10 -> 13, 11 -> 12}.
typeConfigObject := {1 -> Rack__, 2 -> Frame__, 3 -> Frame__, 4 -> Frame__, 5 -> Frame__, 6 -> Module__, 7 -> Module__, 8 -> Module__, 9 -> Module__, 10 -> Module__, 11 -> Module__, 12 -> Element__, 13 -> Element__, 14 -> Element__, 15 -> Element__, 16 -> Element__, 17 -> UNUSED__, 18 -> UNUSED__, 19 -> UNUSED__}.
-------------------
Elapsed time: 8.175946474075317 seconds
