Rack := {R3}.
Frame := {F1, F2, F3, F4}.
Module := {M1, M2, M3, M4, M5}.
Element := {E1, E3, E4, E5, E6}.
module14 := {M1, M2, M3, M4, M5}.
typeOfR := {R3 -> RackSingle}.
typeOfM := {M1 -> ModuleI, M2 -> ModuleI, M3 -> ModuleI, M4 -> ModuleI, M5 -> ModuleI}.
typeOfE := {E1 -> ElementA, E3 -> ElementA, E4 -> ElementA, E5 -> ElementA, E6 -> ElementA}.
rackOfF := {F1 -> R3, F2 -> R3, F3 -> R3, F4 -> R3}.
frameOfM := {M1 -> F1, M2 -> F1, M3 -> F1, M4 -> F1, M5 -> F3}.
elementOfM := {M1 -> E5, M2 -> E3, M3 -> E4, M4 -> E6, M5 -> E1}.

0.945 Expansion
-------------------
Rack_T := {}.
Frame_T := {}.
Module_T := {}.
Element_T := {}.
Rack := {R3}.
Frame := {F1, F2, F3, F4}.
Module := {M1, M2, M3, M4, M5}.
Element := {E1, E3, E4, E5, E6}.
module14 := {M1, M2, M3, M4, M5}.
typeOfR := {R3 -> RackSingle}.
typeOfM := {M1 -> ModuleI, M2 -> ModuleI, M3 -> ModuleI, M4 -> ModuleI, M5 -> ModuleI}.
typeOfE := {E1 -> ElementA, E3 -> ElementA, E4 -> ElementA, E5 -> ElementA, E6 -> ElementA}.
rackOfF := {F1 -> R3, F2 -> R3, F3 -> R3, F4 -> R3}.
frameOfM := {M1 -> F1, M2 -> F1, M3 -> F1, M4 -> F1, M5 -> F3}.
elementOfM := {M1 -> E5, M2 -> E3, M3 -> E4, M4 -> E6, M5 -> E1}.
-------------------
Elapsed time: 1.013878345489502 seconds
