Rack := {1}.
Frame := {2, 3, 4}.
Module := {5, 6, 7, 8, 9}.
Element := {10, 11, 12, 13}.
module14 := {5, 6, 7, 9}.
typeOfR := {1 -> RackDouble}.
typeOfM := {5 -> ModuleIV, 6 -> ModuleII, 7 -> ModuleI, 8 -> ModuleV, 9 -> ModuleIII}.
typeOfE := {10 -> ElementD, 11 -> ElementB, 12 -> ElementC, 13 -> ElementA}.
rackOfF := {2 -> 1, 3 -> 1, 4 -> 1}.
frameOfM := {5 -> 3, 6 -> 4, 7 -> 4, 8 -> 4, 9 -> 2}.
elementOfM := {5 -> 10, 6 -> 11, 7 -> 13, 9 -> 12}.
maxRack := 2.
maxFrame := 5.
maxModule := 10.
maxElement := 14.
mulConfigObject := {1 -> 1, 2 -> 3, 3 -> 4, 4 -> 1, 5 -> 4, 6 -> 2, 7 -> 1, 8 -> 1, 9 -> 3, 10 -> 1, 11 -> 1, 12 -> 1, 13 -> 1}.
typeConfigObject := {1 -> Rack__, 2 -> Frame__, 3 -> Frame__, 4 -> Frame__, 5 -> Module__, 6 -> Module__, 7 -> Module__, 8 -> Module__, 9 -> Module__, 10 -> Element__, 11 -> Element__, 12 -> Element__, 13 -> Element__}.

17.147 Expansion
-------------------
ConfigObject := {1, 2, 3, 4, 5, 6, 7, 8, 9, 10, 11, 12, 13, 14, 15, 16, 17, 18, 19, 20, 21, 22, 23, 24}.
Rack := {1}.
Frame := {2, 3, 4, 5, 6, 7, 8, 9}.
Module := {10, 11, 12, 13, 14, 15, 16, 17, 18, 19, 20}.
Element := {21, 22, 23, 24}.
module14 := {10, 11, 12, 13, 14, 15, 16, 18, 19, 20}.
typeOfR := {1 -> RackDouble}.
typeOfM := {10 -> ModuleIV, 11 -> ModuleIV, 12 -> ModuleIV, 13 -> ModuleIV, 14 -> ModuleII, 15 -> ModuleII, 16 -> ModuleI, 17 -> ModuleV, 18 -> ModuleIII, 19 -> ModuleIII, 20 -> ModuleIII}.
typeOfE := {21 -> ElementD, 22 -> ElementB, 23 -> ElementC, 24 -> ElementA}.
rackOfF := {2 -> 1, 3 -> 1, 4 -> 1, 5 -> 1, 6 -> 1, 7 -> 1, 8 -> 1, 9 -> 1}.
frameOfM := {10 -> 5, 11 -> 6, 12 -> 7, 13 -> 8, 14 -> 9, 15 -> 9, 16 -> 9, 17 -> 9, 18 -> 2, 19 -> 3, 20 -> 4}.
elementOfM := {10 -> 21, 11 -> 21, 12 -> 21, 13 -> 21, 14 -> 22, 15 -> 22, 16 -> 24, 18 -> 23, 19 -> 23, 20 -> 23}.
typeConfigObject := {1 -> Rack__, 2 -> Frame__, 3 -> Frame__, 4 -> Frame__, 5 -> Frame__, 6 -> Frame__, 7 -> Frame__, 8 -> Frame__, 9 -> Frame__, 10 -> Module__, 11 -> Module__, 12 -> Module__, 13 -> Module__, 14 -> Module__, 15 -> Module__, 16 -> Module__, 17 -> Module__, 18 -> Module__, 19 -> Module__, 20 -> Module__, 21 -> Element__, 22 -> Element__, 23 -> Element__, 24 -> Element__}.
-------------------
Elapsed time: 17.26513695716858 seconds
