Rack := {1}.
Frame := {2, 3}.
Module := {4, 5, 6, 7, 8, 9}.
Element := {10, 11, 12, 13}.
UNUSED := {}.
module14 := {4, 5, 7, 8, 9}.
typeOfR := {1 -> RackSingle}.
typeOfM := {4 -> ModuleIII, 5 -> ModuleI, 6 -> ModuleV, 7 -> ModuleIV, 8 -> ModuleII, 9 -> ModuleIV}.
typeOfE := {10 -> ElementB, 11 -> ElementA, 12 -> ElementD, 13 -> ElementC}.
rackOfF := {2 -> 1, 3 -> 1}.
frameOfM := {4 -> 2, 5 -> 3, 6 -> 3, 7 -> 2, 8 -> 3, 9 -> 3}.
elementOfM := {4 -> 13, 5 -> 11, 7 -> 12, 8 -> 10, 9 -> 12}.
maxRack := 2.
maxFrame := 4.
maxModule := 10.
maxElement := 14.
// maxUNUSED := *.
mulConfigObject := {1 -> 1, 2 -> 3, 3 -> 1, 4 -> 3, 5 -> 1, 6 -> 1, 7 -> 3, 8 -> 2, 9 -> 1, 10 -> 1, 11 -> 1, 12 -> 1, 13 -> 1}.
typeConfigObject := {1 -> Rack__, 2 -> Frame__, 3 -> Frame__, 4 -> Module__, 5 -> Module__, 6 -> Module__, 7 -> Module__, 8 -> Module__, 9 -> Module__, 10 -> Element__, 11 -> Element__, 12 -> Element__, 13 -> Element__}.

7.115 Expansion
-------------------
ConfigObject := {1, 2, 3, 4, 5, 6, 7, 8, 9, 10, 11, 12, 13, 14, 15, 16, 17, 18, 19, 20}.
Rack := {1}.
Frame := {2, 3, 4, 5}.
Module := {6, 7, 8, 9, 10, 11, 12, 13, 14, 15, 16}.
Element := {17, 18, 19, 20}.
UNUSED := {}.
module14 := {6, 7, 8, 9, 11, 12, 13, 14, 15, 16}.
typeOfR := {1 -> RackSingle}.
typeOfM := {6 -> ModuleIII, 7 -> ModuleIII, 8 -> ModuleIII, 9 -> ModuleI, 10 -> ModuleV, 11 -> ModuleIV, 12 -> ModuleIV, 13 -> ModuleIV, 14 -> ModuleII, 15 -> ModuleII, 16 -> ModuleIV}.
typeOfE := {17 -> ElementB, 18 -> ElementA, 19 -> ElementD, 20 -> ElementC}.
rackOfF := {2 -> 1, 3 -> 1, 4 -> 1, 5 -> 1}.
frameOfM := {6 -> 2, 7 -> 3, 8 -> 4, 9 -> 5, 10 -> 5, 11 -> 2, 12 -> 3, 13 -> 4, 14 -> 5, 15 -> 5, 16 -> 5}.
elementOfM := {6 -> 20, 7 -> 20, 8 -> 20, 9 -> 18, 11 -> 19, 12 -> 19, 13 -> 19, 14 -> 17, 15 -> 17, 16 -> 19}.
typeConfigObject := {1 -> Rack__, 2 -> Frame__, 3 -> Frame__, 4 -> Frame__, 5 -> Frame__, 6 -> Module__, 7 -> Module__, 8 -> Module__, 9 -> Module__, 10 -> Module__, 11 -> Module__, 12 -> Module__, 13 -> Module__, 14 -> Module__, 15 -> Module__, 16 -> Module__, 17 -> Element__, 18 -> Element__, 19 -> Element__, 20 -> Element__}.
-------------------
Elapsed time: 7.250348329544067 seconds
