Rack := {R1}.
Frame := {F1, F3, F4}.
Module := {M1, M2, M3, M4, M5}.
Element := {E1, E2, E5, E6}.
module14 := {M1, M2, M3, M4}.
typeOfR := {R1 -> RackSingle}.
typeOfM := {M1 -> ModuleII, M2 -> ModuleI, M3 -> ModuleIII, M4 -> ModuleIV, M5 -> ModuleV}.
typeOfE := {E1 -> ElementC, E2 -> ElementA, E5 -> ElementD, E6 -> ElementB}.
rackOfF := {F1 -> R1, F3 -> R1, F4 -> R1}.
frameOfM := {M1 -> F4, M2 -> F1, M3 -> F1, M4 -> F3, M5 -> F4}.
elementOfM := {M1 -> E6, M2 -> E2, M3 -> E1, M4 -> E5}.
mulRack_T := {R1 -> 1}.
mulFrame_T := {F1 -> 1, F2 -> 0, F3 -> 2, F4 -> 1}.
mulModule_T := {M1 -> 2, M2 -> 1, M3 -> 3, M4 -> 4, M5 -> 1}.
mulElement_T := {E1 -> 1, E2 -> 1, E3 -> 0, E4 -> 0, E5 -> 1, E6 -> 1, E7 -> 0}.

1.994 Expansion
-------------------
Rack_T := {1}.
Frame_T := {2, 3, 4, 5}.
Module_T := {6, 7, 8, 9, 10, 11, 12, 13, 14, 15, 16}.
Element_T := {17, 18, 19, 20}.
Rack := {1}.
Frame := {2, 3, 4, 5}.
Module := {6, 7, 8, 9, 10, 11, 12, 13, 14, 15, 16}.
Element := {17, 18, 19, 20}.
module14 := {6, 7, 8, 9, 10, 11, 12, 13, 14, 15}.
typeOfR := {1 -> RackSingle}.
typeOfM := {6 -> ModuleII, 7 -> ModuleII, 8 -> ModuleI, 9 -> ModuleIII, 10 -> ModuleIII, 11 -> ModuleIII, 12 -> ModuleIV, 13 -> ModuleIV, 14 -> ModuleIV, 15 -> ModuleIV, 16 -> ModuleV}.
typeOfE := {17 -> ElementC, 18 -> ElementA, 19 -> ElementD, 20 -> ElementB}.
rackOfF := {2 -> 1, 3 -> 1, 4 -> 1, 5 -> 1}.
frameOfM := {6 -> 5, 7 -> 5, 8 -> 2, 9 -> 2, 10 -> 2, 11 -> 2, 12 -> 3, 13 -> 4, 14 -> 3, 15 -> 4, 16 -> 5}.
elementOfM := {6 -> 20, 7 -> 20, 8 -> 18, 9 -> 17, 10 -> 17, 11 -> 17, 12 -> 19, 13 -> 19, 14 -> 19, 15 -> 19}.
-------------------
Elapsed time: 2.1054506301879883 seconds
