Rack := {R1}.
Frame := {F1, F2, F3}.
Module := {M1, M2, M3, M4, M5}.
Element := {E4, E7, E8, E11}.
module14 := {M1, M2, M4, M5}.
typeOfR := {R1 -> RackDouble}.
typeOfM := {M1 -> ModuleIV, M2 -> ModuleIII, M3 -> ModuleV, M4 -> ModuleI, M5 -> ModuleII}.
typeOfE := {E4 -> ElementB, E7 -> ElementA, E8 -> ElementD, E11 -> ElementC}.
rackOfF := {F1 -> R1, F2 -> R1, F3 -> R1}.
frameOfM := {M1 -> F2, M2 -> F3, M3 -> F2, M4 -> F3, M5 -> F2}.
elementOfM := {M1 -> E8, M2 -> E11, M4 -> E7, M5 -> E4}.
mulRack_T := {R1 -> 1}.
mulFrame_T := {F1 -> 5, F2 -> 2, F3 -> 1}.
mulModule_T := {M1 -> 4, M2 -> 3, M3 -> 2, M4 -> 1, M5 -> 2, M6 -> 0}.
mulElement_T := {E1 -> 0, E2 -> 0, E3 -> 0, E4 -> 1, E5 -> 0, E6 -> 0, E7 -> 1, E8 -> 1, E9 -> 0, E10 -> 0, E11 -> 1, E12 -> 0, E13 -> 0}.

4.239 Expansion
-------------------
Rack_T := {1}.
Frame_T := {2, 3, 4, 5, 6, 7, 8, 9}.
Module_T := {10, 11, 12, 13, 14, 15, 16, 17, 18, 19, 20, 21}.
Element_T := {22, 23, 24, 25}.
Rack := {1}.
Frame := {2, 3, 4, 5, 6, 7, 8, 9}.
Module := {10, 11, 12, 13, 14, 15, 16, 17, 18, 19, 20, 21}.
Element := {22, 23, 24, 25}.
module14 := {10, 11, 12, 13, 14, 15, 16, 19, 20, 21}.
typeOfR := {1 -> RackDouble}.
typeOfM := {10 -> ModuleIV, 11 -> ModuleIV, 12 -> ModuleIV, 13 -> ModuleIV, 14 -> ModuleIII, 15 -> ModuleIII, 16 -> ModuleIII, 17 -> ModuleV, 18 -> ModuleV, 19 -> ModuleI, 20 -> ModuleII, 21 -> ModuleII}.
typeOfE := {22 -> ElementB, 23 -> ElementA, 24 -> ElementD, 25 -> ElementC}.
rackOfF := {2 -> 1, 3 -> 1, 4 -> 1, 5 -> 1, 6 -> 1, 7 -> 1, 8 -> 1, 9 -> 1}.
frameOfM := {10 -> 7, 11 -> 8, 12 -> 7, 13 -> 8, 14 -> 9, 15 -> 9, 16 -> 9, 17 -> 7, 18 -> 8, 19 -> 9, 20 -> 7, 21 -> 8}.
elementOfM := {10 -> 24, 11 -> 24, 12 -> 24, 13 -> 24, 14 -> 25, 15 -> 25, 16 -> 25, 19 -> 23, 20 -> 22, 21 -> 22}.
-------------------
Elapsed time: 4.350508689880371 seconds
