Rack := {1}.
Frame := {2, 3, 4, 5}.
Module := {6, 7, 8, 9, 10, 11, 12, 13, 14, 15, 16}.
Element := {17, 18, 19, 20}.
module14 := {6, 7, 8, 9, 10, 11, 12, 13, 14, 15}.
typeOfR := {1 -> RackSingle}.
typeOfM := {6 -> ModuleII, 7 -> ModuleIII, 8 -> ModuleIV, 9 -> ModuleIV, 10 -> ModuleII, 11 -> ModuleIII, 12 -> ModuleIV, 13 -> ModuleIV, 14 -> ModuleI, 15 -> ModuleIII, 16 -> ModuleV}.
typeOfE := {17 -> ElementD, 18 -> ElementB, 19 -> ElementA, 20 -> ElementC}.
rackOfF := {2 -> 1, 3 -> 1, 4 -> 1, 5 -> 1}.
frameOfM := {6 -> 4, 7 -> 5, 8 -> 3, 9 -> 3, 10 -> 4, 11 -> 5, 12 -> 3, 13 -> 3, 14 -> 4, 15 -> 4, 16 -> 4}.
elementOfM := {6 -> 18, 7 -> 20, 8 -> 17, 9 -> 17, 10 -> 18, 11 -> 20, 12 -> 17, 13 -> 17, 14 -> 19, 15 -> 20}.
maxRack := 2.
maxFrame := 6.
maxModule := 17.
maxElement := 21.
typeConfigObject := {1 -> Rack__, 2 -> Frame__, 3 -> Frame__, 4 -> Frame__, 5 -> Frame__, 6 -> Module__, 7 -> Module__, 8 -> Module__, 9 -> Module__, 10 -> Module__, 11 -> Module__, 12 -> Module__, 13 -> Module__, 14 -> Module__, 15 -> Module__, 16 -> Module__, 17 -> Element__, 18 -> Element__, 19 -> Element__, 20 -> Element__}.

55.945 Expansion
-------------------
ConfigObject := {}.
Rack := {1}.
Frame := {2, 3, 4, 5}.
Module := {6, 7, 8, 9, 10, 11, 12, 13, 14, 15, 16}.
Element := {17, 18, 19, 20}.
module14 := {6, 7, 8, 9, 10, 11, 12, 13, 14, 15}.
typeOfR := {1 -> RackSingle}.
typeOfM := {6 -> ModuleII, 7 -> ModuleIII, 8 -> ModuleIV, 9 -> ModuleIV, 10 -> ModuleII, 11 -> ModuleIII, 12 -> ModuleIV, 13 -> ModuleIV, 14 -> ModuleI, 15 -> ModuleIII, 16 -> ModuleV}.
typeOfE := {17 -> ElementD, 18 -> ElementB, 19 -> ElementA, 20 -> ElementC}.
rackOfF := {2 -> 1, 3 -> 1, 4 -> 1, 5 -> 1}.
frameOfM := {6 -> 4, 7 -> 5, 8 -> 3, 9 -> 3, 10 -> 4, 11 -> 5, 12 -> 3, 13 -> 3, 14 -> 4, 15 -> 4, 16 -> 4}.
elementOfM := {6 -> 18, 7 -> 20, 8 -> 17, 9 -> 17, 10 -> 18, 11 -> 20, 12 -> 17, 13 -> 17, 14 -> 19, 15 -> 20}.
typeConfigObject := {1 -> Rack__, 2 -> Frame__, 3 -> Frame__, 4 -> Frame__, 5 -> Frame__, 6 -> Module__, 7 -> Module__, 8 -> Module__, 9 -> Module__, 10 -> Module__, 11 -> Module__, 12 -> Module__, 13 -> Module__, 14 -> Module__, 15 -> Module__, 16 -> Module__, 17 -> Element__, 18 -> Element__, 19 -> Element__, 20 -> Element__}.
-------------------
Elapsed time: 56.02926278114319 seconds
