Rack := {R3}.
Frame := {F1, F3, F4, F6}.
Module := {M1, M2, M3, M4, M5, M6, M8, M9, M10, M11, M12, M13}.
Element := {E4, E6, E7, E11}.
module14 := {M1, M2, M3, M4, M5, M6, M8, M9, M10, M12, M13}.
typeOfR := {R3 -> RackSingle}.
typeOfM := {M1 -> ModuleIII, M2 -> ModuleII, M3 -> ModuleIII, M4 -> ModuleII, M5 -> ModuleII, M6 -> ModuleIV, M8 -> ModuleI, M9 -> ModuleIV, M10 -> ModuleIII, M11 -> ModuleV, M12 -> ModuleIV, M13 -> ModuleIV}.
typeOfE := {E4 -> ElementD, E6 -> ElementA, E7 -> ElementC, E11 -> ElementB}.
rackOfF := {F1 -> R3, F3 -> R3, F4 -> R3, F6 -> R3}.
frameOfM := {M1 -> F1, M2 -> F3, M3 -> F3, M4 -> F3, M5 -> F3, M6 -> F4, M8 -> F1, M9 -> F1, M10 -> F4, M11 -> F3, M12 -> F1, M13 -> F4}.
elementOfM := {M1 -> E7, M2 -> E4, M3 -> E7, M4 -> E11, M5 -> E11, M6 -> E4, M8 -> E6, M9 -> E4, M10 -> E7, M12 -> E4, M13 -> E4}.

11.469 Expansion
-------------------
Rack_T := {}.
Frame_T := {}.
Module_T := {}.
Element_T := {}.
Rack := {R3}.
Frame := {F1, F3, F4, F6}.
Module := {M1, M2, M3, M4, M5, M6, M8, M9, M10, M11, M12, M13}.
Element := {E4, E6, E7, E11}.
module14 := {M1, M2, M3, M4, M5, M6, M8, M9, M10, M12, M13}.
typeOfR := {R3 -> RackSingle}.
typeOfM := {M1 -> ModuleIII, M2 -> ModuleII, M3 -> ModuleIII, M4 -> ModuleII, M5 -> ModuleII, M6 -> ModuleIV, M8 -> ModuleI, M9 -> ModuleIV, M10 -> ModuleIII, M11 -> ModuleV, M12 -> ModuleIV, M13 -> ModuleIV}.
typeOfE := {E4 -> ElementD, E6 -> ElementA, E7 -> ElementC, E11 -> ElementB}.
rackOfF := {F1 -> R3, F3 -> R3, F4 -> R3, F6 -> R3}.
frameOfM := {M1 -> F1, M2 -> F3, M3 -> F3, M4 -> F3, M5 -> F3, M6 -> F4, M8 -> F1, M9 -> F1, M10 -> F4, M11 -> F3, M12 -> F1, M13 -> F4}.
elementOfM := {M1 -> E7, M2 -> E4, M3 -> E7, M4 -> E11, M5 -> E11, M6 -> E4, M8 -> E6, M9 -> E4, M10 -> E7, M12 -> E4, M13 -> E4}.
-------------------
Elapsed time: 11.534664630889893 seconds
