Thing := {1, 2}.
Cabinet := {3, 4}.
Room := {5, 6}.
UNUSED := {}.
ownerOfT := {1 -> P1, 2 -> P2}.
cabinetOfT := {1 -> 3, 2 -> 4}.
roomOfC := {3 -> 5, 4 -> 6}.
ownerOfR := {5 -> P1, 6 -> P2}.
maxThing := 3.
maxCabinet := 5.
maxRoom := 7.
// maxUNUSED := *.
mulConfigObject := {1 -> 5, 2 -> 1, 3 -> 5, 4 -> 1, 5 -> 5, 6 -> 1}.
typeConfigObject := {1 -> Thing__, 2 -> Thing__, 3 -> Cabinet__, 4 -> Cabinet__, 5 -> Room__, 6 -> Room__}.

0.531 Expansion
-------------------
ConfigObject := {1, 2, 3, 4, 5, 6, 7, 8, 9, 10, 11, 12, 13, 14, 15, 16, 17, 18}.
Thing := {1, 2, 3, 4, 5, 6}.
Cabinet := {7, 8, 9, 10, 11, 12}.
Room := {13, 14, 15, 16, 17, 18}.
UNUSED := {}.
ownerOfT := {1 -> P1, 2 -> P1, 3 -> P1, 4 -> P1, 5 -> P1, 6 -> P2}.
cabinetOfT := {1 -> 7, 2 -> 8, 3 -> 9, 4 -> 10, 5 -> 11, 6 -> 12}.
roomOfC := {7 -> 13, 8 -> 14, 9 -> 15, 10 -> 16, 11 -> 17, 12 -> 18}.
ownerOfR := {13 -> P1, 14 -> P1, 15 -> P1, 16 -> P1, 17 -> P1, 18 -> P2}.
typeConfigObject := {1 -> Thing__, 2 -> Thing__, 3 -> Thing__, 4 -> Thing__, 5 -> Thing__, 6 -> Thing__, 7 -> Cabinet__, 8 -> Cabinet__, 9 -> Cabinet__, 10 -> Cabinet__, 11 -> Cabinet__, 12 -> Cabinet__, 13 -> Room__, 14 -> Room__, 15 -> Room__, 16 -> Room__, 17 -> Room__, 18 -> Room__}.
-------------------
Elapsed time: 0.6051862239837646 seconds
