Thing := {T1, T2, T3, T4, T5, T6}.
Cabinet := {C2, C3}.
Room := {R1, R2}.
ownerOfT := {T1 -> P1, T2 -> P1, T3 -> P1, T4 -> P1, T5 -> P2, T6 -> P1}.
cabinetOfT := {T1 -> C2, T2 -> C2, T3 -> C2, T4 -> C2, T5 -> C3, T6 -> C2}.
roomOfC := {C2 -> R1, C3 -> R2}.
ownerOfR := {R1 -> P1, R2 -> P2}.

0.258 Expansion
-------------------
Thing_T := {}.
Cabinet_T := {}.
Room_T := {}.
Thing := {T1, T2, T3, T4, T5, T6}.
Cabinet := {C2, C3}.
Room := {R1, R2}.
ownerOfT := {T1 -> P1, T2 -> P1, T3 -> P1, T4 -> P1, T5 -> P2, T6 -> P1}.
cabinetOfT := {T1 -> C2, T2 -> C2, T3 -> C2, T4 -> C2, T5 -> C3, T6 -> C2}.
roomOfC := {C2 -> R1, C3 -> R2}.
ownerOfR := {R1 -> P1, R2 -> P2}.
-------------------
Elapsed time: 0.2851436138153076 seconds
