El := {1, 2}.
l1 := {1}.
this := {1, 2}.
Object_alloc := {2}.
Object_alloc_16 := {1, 2}.
Object_alloc_30 := {1, 2}.
Object_alloc_45 := {2}.
Object_alloc_60 := {2}.
S1_42 := {2}.
S2_41 := {}.
tmp_3_57 := 2.
mulEl_T := {1 -> 1, 2 -> 1}.

0.084 Expansion
-------------------
El_T := {1, 2}.
El := {1, 2}.
l1 := {1}.
this := {1, 2}.
Object_alloc := {2}.
Object_alloc_16 := {1, 2}.
Object_alloc_30 := {1, 2}.
Object_alloc_45 := {2}.
Object_alloc_60 := {2}.
S1_42 := {2}.
S2_41 := {}.
tmp_3_57 := {-> 2}.
-------------------
Elapsed time: 0.149277925491333 seconds
