Unit := {1, 2, 3, 4}.
UNUSED := {}.
ZD := {(Z1, D01), (Z1, D12), (Z2345678, D12), (Z2367, D12), (Z2367, D78), (Z2367, D34), (Z2367, D56), (Z2378, D12), (Z2378, D34), (Z2378, D67), (Z2378, D36), (Z2378, D26), (Z45, D34), (Z45, D56), (Z456, D34), (Z456, D67), (Z456, D36), (Z456, D26), (Z6, D56), (Z6, D67), (Z6, D36), (Z6, D26)}.
z1 := {1 -> Z45, 2 -> Z1, 3 -> Z1, 4 -> Z6}.
z2 := {1 -> Z2367, 2 -> Z2345678, 3 -> Z2378, 4 -> Z456}.
d1 := {1 -> D78, 2 -> D12, 3 -> D36, 4 -> D34}.
d2 := {1 -> D56, 2 -> D01, 3 -> D67, 4 -> D26}.
p1 := {1 -> 4, 2 -> 3, 3 -> 2, 4 -> 1}.
p2 := {1 -> 2, 2 -> 1, 3 -> 4, 4 -> 3}.
maxUnit := 5.
// maxUNUSED := *.
mulConfigObject := {1 -> 1, 2 -> 1, 3 -> 1, 4 -> 1}.
typeConfigObject := {1 -> Unit__, 2 -> Unit__, 3 -> Unit__, 4 -> Unit__}.

3.53 Expansion
-------------------
ConfigObject := {1, 2, 3, 4}.
Unit := {1, 2, 3, 4}.
UNUSED := {}.
z1 := {1 -> Z45, 2 -> Z1, 3 -> Z1, 4 -> Z6}.
z2 := {1 -> Z2367, 2 -> Z2345678, 3 -> Z2378, 4 -> Z456}.
d1 := {1 -> D78, 2 -> D12, 3 -> D36, 4 -> D34}.
d2 := {1 -> D56, 2 -> D01, 3 -> D67, 4 -> D26}.
p1 := {1 -> 4, 2 -> 3, 3 -> 2, 4 -> 1}.
p2 := {1 -> 2, 2 -> 1, 3 -> 4, 4 -> 3}.
typeConfigObject := {1 -> Unit__, 2 -> Unit__, 3 -> Unit__, 4 -> Unit__}.
-------------------
Elapsed time: 3.6063525676727295 seconds
