Unit := {1, 2, 3, 4}.
ZD := {(Z1, D01), (Z1, D12), (Z2345678, D12), (Z2367, D12), (Z2367, D78), (Z2367, D34), (Z2367, D56), (Z2378, D12), (Z2378, D34), (Z2378, D67), (Z2378, D36), (Z2378, D26), (Z45, D34), (Z45, D56), (Z456, D34), (Z456, D67), (Z456, D36), (Z456, D26), (Z6, D56), (Z6, D67), (Z6, D36), (Z6, D26)}.
z1 := {1 -> Z2378, 2 -> Z1, 3 -> Z45, 4 -> Z6}.
z2 := {1 -> Z2378, 2 -> Z2345678, 3 -> Z2367, 4 -> Z456}.
d1 := {1 -> D78, 2 -> D67, 3 -> D34, 4 -> D56}.
d2 := {1 -> D12, 2 -> D36, 3 -> D26, 4 -> D01}.
p1 := {1 -> 2, 2 -> 4, 3 -> 1, 4 -> 3}.
p2 := {1 -> 3, 2 -> 1, 3 -> 4, 4 -> 2}.
maxUnit := 5.
mulConfigObject := {1 -> 1, 2 -> 1, 3 -> 1, 4 -> 1}.
typeConfigObject := {1 -> Unit__, 2 -> Unit__, 3 -> Unit__, 4 -> Unit__}.

3.479 Expansion
-------------------
ConfigObject := {1, 2, 3, 4}.
Unit := {1, 2, 3, 4}.
z1 := {1 -> Z2378, 2 -> Z1, 3 -> Z45, 4 -> Z6}.
z2 := {1 -> Z2378, 2 -> Z2345678, 3 -> Z2367, 4 -> Z456}.
d1 := {1 -> D78, 2 -> D67, 3 -> D34, 4 -> D56}.
d2 := {1 -> D12, 2 -> D36, 3 -> D26, 4 -> D01}.
p1 := {1 -> 2, 2 -> 4, 3 -> 1, 4 -> 3}.
p2 := {1 -> 3, 2 -> 1, 3 -> 4, 4 -> 2}.
typeConfigObject := {1 -> Unit__, 2 -> Unit__, 3 -> Unit__, 4 -> Unit__}.
-------------------
Elapsed time: 3.550112009048462 seconds
