Unit := {1, 2, 3, 4}.
ZD := {(Z1, D01), (Z1, D12), (Z2345678, D12), (Z2367, D12), (Z2367, D78), (Z2367, D34), (Z2367, D56), (Z2378, D12), (Z2378, D34), (Z2378, D67), (Z2378, D36), (Z2378, D26), (Z45, D34), (Z45, D56), (Z456, D34), (Z456, D67), (Z456, D36), (Z456, D26), (Z6, D56), (Z6, D67), (Z6, D36), (Z6, D26)}.
z1 := {1 -> Z6, 2 -> Z1, 3 -> Z456, 4 -> Z2367}.
z2 := {1 -> Z2378, 2 -> Z2345678, 3 -> Z456, 4 -> Z45}.
d1 := {1 -> D34, 2 -> D01, 3 -> D67, 4 -> D56}.
d2 := {1 -> D36, 2 -> D78, 3 -> D26, 4 -> D12}.
p1 := {1 -> 4, 2 -> 2, 3 -> 1, 4 -> 1}.
p2 := {1 -> 3, 2 -> 4, 3 -> 3, 4 -> 2}.
mulUnit_T := {1 -> 1, 2 -> 1, 3 -> 1, 4 -> 1}.

3.564 Expansion
-------------------
Unit_T := {1, 2, 3, 4}.
Unit := {1, 2, 3, 4}.
z1 := {1 -> Z6, 2 -> Z1, 3 -> Z456, 4 -> Z2367}.
z2 := {1 -> Z2378, 2 -> Z2345678, 3 -> Z456, 4 -> Z45}.
d1 := {1 -> D34, 2 -> D01, 3 -> D67, 4 -> D56}.
d2 := {1 -> D36, 2 -> D78, 3 -> D26, 4 -> D12}.
p1 := {1 -> 4, 2 -> 2, 3 -> 1, 4 -> 1}.
p2 := {1 -> 3, 2 -> 4, 3 -> 3, 4 -> 2}.
-------------------
Elapsed time: 3.6324596405029297 seconds
