Unit := {1, 2, 3, 4}.
ZD := {(Z1, D01), (Z1, D12), (Z2345678, D12), (Z2367, D12), (Z2367, D78), (Z2367, D34), (Z2367, D56), (Z2378, D12), (Z2378, D34), (Z2378, D67), (Z2378, D36), (Z2378, D26), (Z45, D34), (Z45, D56), (Z456, D34), (Z456, D67), (Z456, D36), (Z456, D26), (Z6, D56), (Z6, D67), (Z6, D36), (Z6, D26)}.
z1 := {1 -> Z6, 2 -> Z1, 3 -> Z45, 4 -> Z1}.
z2 := {1 -> Z456, 2 -> Z2345678, 3 -> Z2367, 4 -> Z2378}.
d1 := {1 -> D67, 2 -> D56, 3 -> D12, 4 -> D26}.
d2 := {1 -> D36, 2 -> D78, 3 -> D01, 4 -> D34}.
p1 := {1 -> 2, 2 -> 1, 3 -> 4, 4 -> 1}.
p2 := {1 -> 4, 2 -> 3, 3 -> 2, 4 -> 3}.
maxUnit := 5.
typeConfigObject := {1 -> Unit__, 2 -> Unit__, 3 -> Unit__, 4 -> Unit__}.

1.463 Expansion
-------------------
ConfigObject := {}.
Unit := {1, 2, 3, 4}.
z1 := {1 -> Z6, 2 -> Z1, 3 -> Z45, 4 -> Z1}.
z2 := {1 -> Z456, 2 -> Z2345678, 3 -> Z2367, 4 -> Z2378}.
d1 := {1 -> D67, 2 -> D56, 3 -> D12, 4 -> D26}.
d2 := {1 -> D36, 2 -> D78, 3 -> D01, 4 -> D34}.
p1 := {1 -> 2, 2 -> 1, 3 -> 4, 4 -> 1}.
p2 := {1 -> 4, 2 -> 3, 3 -> 2, 4 -> 3}.
typeConfigObject := {1 -> Unit__, 2 -> Unit__, 3 -> Unit__, 4 -> Unit__}.
-------------------
Elapsed time: 1.5136351585388184 seconds
