Unit := {1, 2, 3, 4}.
ZD := {(Z1, D01), (Z1, D12), (Z2345678, D12), (Z2367, D12), (Z2367, D78), (Z2367, D34), (Z2367, D56), (Z2378, D12), (Z2378, D34), (Z2378, D67), (Z2378, D36), (Z2378, D26), (Z45, D34), (Z45, D56), (Z456, D34), (Z456, D67), (Z456, D36), (Z456, D26), (Z6, D56), (Z6, D67), (Z6, D36), (Z6, D26)}.
z1 := {1 -> Z1, 2 -> Z456, 3 -> Z45, 4 -> Z2345678}.
z2 := {1 -> UnusedZ, 2 -> Z2378, 3 -> Z6, 4 -> Z2367}.
d1 := {1 -> D36, 2 -> D12, 3 -> D01, 4 -> D34}.
d2 := {1 -> D67, 2 -> D78, 3 -> D56, 4 -> D26}.
p1 := {1 -> 2, 2 -> 4, 3 -> 4, 4 -> 3}.
p2 := {1 -> 3, 2 -> 1, 3 -> 1, 4 -> 2}.

1.491 Expansion
-------------------
Unit_T := {}.
Unit := {1, 2, 3, 4}.
z1 := {1 -> Z1, 2 -> Z456, 3 -> Z45, 4 -> Z2345678}.
z2 := {1 -> UnusedZ, 2 -> Z2378, 3 -> Z6, 4 -> Z2367}.
d1 := {1 -> D36, 2 -> D12, 3 -> D01, 4 -> D34}.
d2 := {1 -> D67, 2 -> D78, 3 -> D56, 4 -> D26}.
p1 := {1 -> 2, 2 -> 4, 3 -> 4, 4 -> 3}.
p2 := {1 -> 3, 2 -> 1, 3 -> 1, 4 -> 2}.
-------------------
Elapsed time: 1.5303409099578857 seconds
