Rack := {R1}.
Frame := {F1, F2, F3}.
Module := {M1, M3, M4, M5, M6}.
Element := {E1, E3, E4, E10}.
module14 := {M3, M4, M5, M6}.
typeOfR := {R1 -> RackDouble}.
typeOfM := {M1 -> ModuleV, M3 -> ModuleIII, M4 -> ModuleIV, M5 -> ModuleI, M6 -> ModuleII}.
typeOfE := {E1 -> ElementC, E3 -> ElementA, E4 -> ElementB, E10 -> ElementD}.
rackOfF := {F1 -> R1, F2 -> R1, F3 -> R1}.
frameOfM := {M1 -> F1, M3 -> F2, M4 -> F3, M5 -> F2, M6 -> F1}.
elementOfM := {M3 -> E1, M4 -> E10, M5 -> E3, M6 -> E4}.
mulRack_T := {R1 -> 2}.
mulFrame_T := {F1 -> 4, F2 -> 4, F3 -> 8}.
mulModule_T := {M1 -> 4, M2 -> 0, M3 -> 12, M4 -> 16, M5 -> 4, M6 -> 8}.
mulElement_T := {E1 -> 4, E2 -> 0, E3 -> 4, E4 -> 4, E5 -> 0, E6 -> 0, E7 -> 0, E8 -> 0, E9 -> 0, E10 -> 4, E11 -> 0, E12 -> 0, E13 -> 0}.

5.626 Expansion
-------------------
Rack_T := {1, 2}.
Frame_T := {3, 4, 5, 6, 7, 8, 9, 10, 11, 12, 13, 14, 15, 16, 17, 18}.
Module_T := {19, 20, 21, 22, 23, 24, 25, 26, 27, 28, 29, 30, 31, 32, 33, 34, 35, 36, 37, 38, 39, 40, 41, 42, 43, 44, 45, 46, 47, 48, 49, 50, 51, 52, 53, 54, 55, 56, 57, 58, 59, 60, 61, 62}.
Element_T := {63, 64, 65, 66, 67, 68, 69, 70, 71, 72, 73, 74, 75, 76, 77, 78}.
Rack := {1, 2}.
Frame := {3, 4, 5, 6, 7, 8, 9, 10, 11, 12, 13, 14, 15, 16, 17, 18}.
Module := {19, 20, 21, 22, 23, 24, 25, 26, 27, 28, 29, 30, 31, 32, 33, 34, 35, 36, 37, 38, 39, 40, 41, 42, 43, 44, 45, 46, 47, 48, 49, 50, 51, 52, 53, 54, 55, 56, 57, 58, 59, 60, 61, 62}.
Element := {63, 64, 65, 66, 67, 68, 69, 70, 71, 72, 73, 74, 75, 76, 77, 78}.
module14 := {23, 24, 25, 26, 27, 28, 29, 30, 31, 32, 33, 34, 35, 36, 37, 38, 39, 40, 41, 42, 43, 44, 45, 46, 47, 48, 49, 50, 51, 52, 53, 54, 55, 56, 57, 58, 59, 60, 61, 62}.
typeOfR := {1 -> RackDouble, 2 -> RackDouble}.
typeOfM := {19 -> ModuleV, 20 -> ModuleV, 21 -> ModuleV, 22 -> ModuleV, 23 -> ModuleIII, 24 -> ModuleIII, 25 -> ModuleIII, 26 -> ModuleIII, 27 -> ModuleIII, 28 -> ModuleIII, 29 -> ModuleIII, 30 -> ModuleIII, 31 -> ModuleIII, 32 -> ModuleIII, 33 -> ModuleIII, 34 -> ModuleIII, 35 -> ModuleIV, 36 -> ModuleIV, 37 -> ModuleIV, 38 -> ModuleIV, 39 -> ModuleIV, 40 -> ModuleIV, 41 -> ModuleIV, 42 -> ModuleIV, 43 -> ModuleIV, 44 -> ModuleIV, 45 -> ModuleIV, 46 -> ModuleIV, 47 -> ModuleIV, 48 -> ModuleIV, 49 -> ModuleIV, 50 -> ModuleIV, 51 -> ModuleI, 52 -> ModuleI, 53 -> ModuleI, 54 -> ModuleI, 55 -> ModuleII, 56 -> ModuleII, 57 -> ModuleII, 58 -> ModuleII, 59 -> ModuleII, 60 -> ModuleII, 61 -> ModuleII, 62 -> ModuleII}.
typeOfE := {63 -> ElementC, 64 -> ElementC, 65 -> ElementC, 66 -> ElementC, 67 -> ElementA, 68 -> ElementA, 69 -> ElementA, 70 -> ElementA, 71 -> ElementB, 72 -> ElementB, 73 -> ElementB, 74 -> ElementB, 75 -> ElementD, 76 -> ElementD, 77 -> ElementD, 78 -> ElementD}.
rackOfF := {3 -> 1, 4 -> 2, 5 -> 1, 6 -> 2, 7 -> 1, 8 -> 2, 9 -> 1, 10 -> 2, 11 -> 1, 12 -> 2, 13 -> 1, 14 -> 2, 15 -> 1, 16 -> 2, 17 -> 1, 18 -> 2}.
frameOfM := {19 -> 3, 20 -> 4, 21 -> 5, 22 -> 6, 23 -> 7, 24 -> 8, 25 -> 9, 26 -> 10, 27 -> 7, 28 -> 8, 29 -> 9, 30 -> 10, 31 -> 7, 32 -> 8, 33 -> 9, 34 -> 10, 35 -> 11, 36 -> 12, 37 -> 13, 38 -> 14, 39 -> 15, 40 -> 16, 41 -> 17, 42 -> 18, 43 -> 11, 44 -> 12, 45 -> 13, 46 -> 14, 47 -> 15, 48 -> 16, 49 -> 17, 50 -> 18, 51 -> 7, 52 -> 8, 53 -> 9, 54 -> 10, 55 -> 3, 56 -> 4, 57 -> 5, 58 -> 6, 59 -> 3, 60 -> 4, 61 -> 5, 62 -> 6}.
elementOfM := {23 -> 63, 24 -> 64, 25 -> 65, 26 -> 66, 27 -> 63, 28 -> 64, 29 -> 65, 30 -> 66, 31 -> 63, 32 -> 64, 33 -> 65, 34 -> 66, 35 -> 75, 36 -> 76, 37 -> 77, 38 -> 78, 39 -> 75, 40 -> 76, 41 -> 77, 42 -> 78, 43 -> 75, 44 -> 76, 45 -> 77, 46 -> 78, 47 -> 75, 48 -> 76, 49 -> 77, 50 -> 78, 51 -> 67, 52 -> 68, 53 -> 69, 54 -> 70, 55 -> 71, 56 -> 72, 57 -> 73, 58 -> 74, 59 -> 71, 60 -> 72, 61 -> 73, 62 -> 74}.
-------------------
Elapsed time: 5.739132404327393 seconds
